2023-10-20 00:21:11,449 [INFO] Activator:176 - 


2023-10-20 00:21:11,456 [INFO] Activator:177 - !SESSION log4j initialized
2023-10-20 00:21:20,204 [INFO] LogOutputStream:77 - [STDOUT_REDIRECT] 
2023-10-20 00:21:22,195 [INFO] ApplicationProperties:184 - Using Application install path: C:\ST\STM32CubeIDE_1.13.1\STM32CubeIDE\plugins\com.st.stm32cube.common.mx_6.9.1.202307191849
2023-10-20 00:21:22,240 [INFO] DbMcusXml:78 - Set database path to: C:\ST\STM32CubeIDE_1.13.1\STM32CubeIDE\plugins\com.st.stm32cube.common.mx_6.9.1.202307191849\\db\/mcu/
2023-10-20 00:21:22,240 [INFO] ApiDb:274 - Set plugin database path to: C:\ST\STM32CubeIDE_1.13.1\STM32CubeIDE\plugins\com.st.stm32cube.common.mx_6.9.1.202307191849\\db\/plugins/boardmanager/
2023-10-20 00:21:22,241 [WARN] ApiDb:259 - Overriding images path with different value:  => C:\ST\STM32CubeIDE_1.13.1\STM32CubeIDE\plugins\com.st.stm32cube.common.mx_6.9.1.202307191849\\db\/plugins/mcufinder/images/
2023-10-20 00:21:22,257 [INFO] ApiDb:250 - Set database path to: C:\Users\yaomi\.stmcufinder\plugins\mcufinder//mcu/
2023-10-20 00:21:22,258 [INFO] DbMcusAds:125 - Set database path to: C:\Users\yaomi\.stmcufinder\plugins\mcufinder//mcu/
2023-10-20 00:21:22,261 [INFO] CrossReferenceDbSqlite:203 - Set database path to: C:\Users\yaomi\.stmcufinder\plugins\mcufinder//mcu/cs/
2023-10-20 00:21:22,420 [INFO] RulesReader:64 - Compatibility file has been processed (293 Rules)
2023-10-20 00:21:22,618 [INFO] DbMcusXml:78 - Set database path to: C:\ST\STM32CubeIDE_1.13.1\STM32CubeIDE\plugins\com.st.stm32cube.common.mx_6.9.1.202307191849\\db\/mcu/
2023-10-20 00:21:22,618 [INFO] ApiDb:274 - Set plugin database path to: C:\ST\STM32CubeIDE_1.13.1\STM32CubeIDE\plugins\com.st.stm32cube.common.mx_6.9.1.202307191849\\db\/plugins/boardmanager/
2023-10-20 00:21:22,618 [INFO] ApiDb:261 - Set plugin images path to: C:\ST\STM32CubeIDE_1.13.1\STM32CubeIDE\plugins\com.st.stm32cube.common.mx_6.9.1.202307191849\\db\/plugins/mcufinder/images/
2023-10-20 00:21:22,618 [WARN] DbFile:41 - Overriding database path with different value: C:\Users\yaomi\.stmcufinder\plugins\mcufinder/ => C:\Users\yaomi\.stmcufinder\plugins\mcufinder
2023-10-20 00:21:22,618 [INFO] ApiDb:250 - Set database path to: C:\Users\yaomi\.stmcufinder\plugins\mcufinder//mcu/
2023-10-20 00:21:22,618 [WARN] DbFile:41 - Overriding database path with different value: C:\Users\yaomi\.stmcufinder\plugins\mcufinder/ => C:\Users\yaomi\.stmcufinder\plugins\mcufinder
2023-10-20 00:21:22,618 [INFO] DbMcusAds:125 - Set database path to: C:\Users\yaomi\.stmcufinder\plugins\mcufinder//mcu/
2023-10-20 00:21:22,618 [WARN] DbFile:41 - Overriding database path with different value: C:\Users\yaomi\.stmcufinder\plugins\mcufinder/ => C:\Users\yaomi\.stmcufinder\plugins\mcufinder
2023-10-20 00:21:22,618 [WARN] DbFile:41 - Overriding database path with different value: C:\Users\yaomi\.stmcufinder\plugins\mcufinder/ => C:\Users\yaomi\.stmcufinder\plugins\mcufinder
2023-10-20 00:21:22,618 [INFO] CrossReferenceDbSqlite:203 - Set database path to: C:\Users\yaomi\.stmcufinder\plugins\mcufinder//mcu/cs/
2023-10-20 00:21:22,728 [INFO] MainPanel:262 - HeapMemory: 268435456
2023-10-20 00:21:22,854 [INFO] DbMcusXml:78 - Set database path to: C:\ST\STM32CubeIDE_1.13.1\STM32CubeIDE\plugins\com.st.stm32cube.common.mx_6.9.1.202307191849\\db\/mcu/
2023-10-20 00:21:22,854 [INFO] ApiDb:274 - Set plugin database path to: C:\ST\STM32CubeIDE_1.13.1\STM32CubeIDE\plugins\com.st.stm32cube.common.mx_6.9.1.202307191849\\db\/plugins/boardmanager/
2023-10-20 00:21:22,854 [INFO] ApiDb:261 - Set plugin images path to: C:\ST\STM32CubeIDE_1.13.1\STM32CubeIDE\plugins\com.st.stm32cube.common.mx_6.9.1.202307191849\\db\/plugins/mcufinder/images/
2023-10-20 00:21:22,854 [WARN] DbFile:41 - Overriding database path with different value: C:\Users\yaomi\.stmcufinder\plugins\mcufinder/ => C:\Users\yaomi\.stmcufinder\plugins\mcufinder
2023-10-20 00:21:22,854 [INFO] ApiDb:250 - Set database path to: C:\Users\yaomi\.stmcufinder\plugins\mcufinder//mcu/
2023-10-20 00:21:22,854 [WARN] DbFile:41 - Overriding database path with different value: C:\Users\yaomi\.stmcufinder\plugins\mcufinder/ => C:\Users\yaomi\.stmcufinder\plugins\mcufinder
2023-10-20 00:21:22,854 [INFO] DbMcusAds:125 - Set database path to: C:\Users\yaomi\.stmcufinder\plugins\mcufinder//mcu/
2023-10-20 00:21:22,854 [WARN] DbFile:41 - Overriding database path with different value: C:\Users\yaomi\.stmcufinder\plugins\mcufinder/ => C:\Users\yaomi\.stmcufinder\plugins\mcufinder
2023-10-20 00:21:22,854 [WARN] DbFile:41 - Overriding database path with different value: C:\Users\yaomi\.stmcufinder\plugins\mcufinder/ => C:\Users\yaomi\.stmcufinder\plugins\mcufinder
2023-10-20 00:21:22,854 [INFO] CrossReferenceDbSqlite:203 - Set database path to: C:\Users\yaomi\.stmcufinder\plugins\mcufinder//mcu/cs/
2023-10-20 00:21:22,885 [INFO] ApplicationProperties:184 - Using Application install path: C:\ST\STM32CubeIDE_1.13.1\STM32CubeIDE\plugins\com.st.stm32cube.common.mx_6.9.1.202307191849
2023-10-20 00:21:22,885 [INFO] PluginManage:196 - Search for loadable plugins [exclusion list=, ]
2023-10-20 00:21:22,885 [INFO] PluginManage:310 - Check plugin analytics
2023-10-20 00:21:23,121 [INFO] AnalyticsPlugin:253 - Accepted Software Licenses: 
2023-10-20 00:21:23,121 [INFO] AnalyticsPlugin:255 - Accepted CMSIS Pack Licenses: 
2023-10-20 00:21:23,121 [INFO] AnalyticsPlugin:257 - Accepted Firmware Licenses: FW.F4.1.27.0
2023-10-20 00:21:23,136 [INFO] PluginManage:359 - Loaded plugin analytics (category:tool,tabindex:-1)
2023-10-20 00:21:23,136 [INFO] PluginManage:310 - Check plugin cadmodel
2023-10-20 00:21:23,152 [INFO] CADModel:105 - Init CAD model plugin
2023-10-20 00:21:23,152 [INFO] PluginManage:359 - Loaded plugin cadmodel (category:power,tabindex:5)
2023-10-20 00:21:23,152 [INFO] PluginManage:310 - Check plugin clock
2023-10-20 00:21:23,168 [INFO] PluginManage:359 - Loaded plugin clock (category:base,tabindex:2)
2023-10-20 00:21:23,168 [INFO] PluginManage:310 - Check plugin ddr
2023-10-20 00:21:23,168 [INFO] PluginManage:359 - Loaded plugin ddr (category:tool,tabindex:6)
2023-10-20 00:21:23,168 [INFO] PluginManage:310 - Check plugin filemanager
2023-10-20 00:21:23,382 [INFO] PluginManage:359 - Loaded plugin filemanager (category:base,tabindex:10)
2023-10-20 00:21:23,382 [INFO] PluginManage:310 - Check plugin ipmanager
2023-10-20 00:21:23,403 [INFO] PluginManage:359 - Loaded plugin ipmanager (category:base,tabindex:5)
2023-10-20 00:21:23,403 [INFO] PluginManage:310 - Check plugin lpbam
2023-10-20 00:21:23,403 [INFO] PluginManage:359 - Loaded plugin lpbam (category:base,tabindex:0)
2023-10-20 00:21:23,403 [INFO] PluginManage:310 - Check plugin memorymap
2023-10-20 00:21:23,434 [INFO] PluginManage:359 - Loaded plugin memorymap (category:base,tabindex:4)
2023-10-20 00:21:23,434 [INFO] PluginManage:310 - Check plugin pinoutandconfiguration
2023-10-20 00:21:23,450 [INFO] PluginManage:359 - Loaded plugin pinoutandconfiguration (category:base,tabindex:1)
2023-10-20 00:21:23,450 [INFO] PluginManage:310 - Check plugin pinoutconfig
2023-10-20 00:21:23,579 [WARN] SupportedApi:132 - Cannot load RTOS API schema: s4s-elt-must-match.1: The content of 'definitions' must match (annotation?, (simpleType | complexType)?, (unique | key | keyref)*)). A problem was found starting at: attribute.
2023-10-20 00:21:23,763 [INFO] PluginManage:359 - Loaded plugin pinoutconfig (category:base,tabindex:0)
2023-10-20 00:21:23,763 [INFO] PluginManage:310 - Check plugin power
2023-10-20 00:21:23,780 [INFO] PluginManage:359 - Loaded plugin power (category:power,tabindex:4)
2023-10-20 00:21:23,780 [INFO] PluginManage:310 - Check plugin projectmanager
2023-10-20 00:21:23,804 [INFO] PluginManage:359 - Loaded plugin projectmanager (category:projectmanager,tabindex:3)
2023-10-20 00:21:23,804 [INFO] PluginManage:310 - Check plugin thirdparty
2023-10-20 00:21:24,024 [WARN] IntegrityCheckThread:84 - waiting for thirdparty lock release [integrity check]
2023-10-20 00:21:24,024 [INFO] IntegrityCheckThread:86 - entering critical section [integrity check]
2023-10-20 00:21:24,024 [INFO] PluginManage:359 - Loaded plugin thirdparty (category:base,tabindex:-1)
2023-10-20 00:21:24,024 [INFO] PluginManage:310 - Check plugin tools
2023-10-20 00:21:24,024 [INFO] ThirdPartyUpdaterWithRetryManager:70 - Updater plugin not ready yet. [1/15]
2023-10-20 00:21:24,024 [INFO] PluginManage:359 - Loaded plugin tools (category:base,tabindex:7)
2023-10-20 00:21:24,024 [INFO] PluginManage:310 - Check plugin tutovideos
2023-10-20 00:21:24,281 [INFO] PluginManage:359 - Loaded plugin tutovideos (category:base,tabindex:-1)
2023-10-20 00:21:24,281 [INFO] PluginManage:310 - Check plugin updater
2023-10-20 00:21:24,289 [INFO] PluginManage:359 - Loaded plugin updater (category:base,tabindex:12)
2023-10-20 00:21:24,304 [INFO] PluginManage:310 - Check plugin userauth
2023-10-20 00:21:24,304 [INFO] UserAuth:113 - Init User Auth plugin
2023-10-20 00:21:24,304 [INFO] PluginManage:359 - Loaded plugin userauth (category:base,tabindex:14)
2023-10-20 00:21:24,304 [INFO] PluginManage:283 - PluginManage : Loaded plugins [17]
2023-10-20 00:21:24,619 [INFO] PinOutPanel:1499 - setPackage(No Configuration,No Configuration)
2023-10-20 00:21:24,744 [INFO] CADModel:165 - CPN selected for project level
2023-10-20 00:21:24,744 [INFO] CADModel:114 - Register for checkConnection events
2023-10-20 00:21:24,782 [INFO] IPUIPlugin:80 - create IPUIPlugin
2023-10-20 00:21:24,782 [INFO] PluginManager:220 - loadIPPluginJar : add adc
2023-10-20 00:21:24,782 [INFO] IPUIPlugin:80 - create IPUIPlugin
2023-10-20 00:21:24,782 [INFO] PluginManager:220 - loadIPPluginJar : add aes
2023-10-20 00:21:24,782 [INFO] IPUIPlugin:80 - create IPUIPlugin
2023-10-20 00:21:24,782 [INFO] PluginManager:220 - loadIPPluginJar : add can
2023-10-20 00:21:24,792 [INFO] IPUIPlugin:80 - create IPUIPlugin
2023-10-20 00:21:24,792 [INFO] PluginManager:220 - loadIPPluginJar : add comp
2023-10-20 00:21:24,792 [INFO] IPUIPlugin:80 - create IPUIPlugin
2023-10-20 00:21:24,792 [INFO] PluginManager:220 - loadIPPluginJar : add cryp
2023-10-20 00:21:24,792 [INFO] IPUIPlugin:80 - create IPUIPlugin
2023-10-20 00:21:24,792 [INFO] PluginManager:220 - loadIPPluginJar : add dfsdm
2023-10-20 00:21:24,792 [INFO] IPUIPlugin:80 - create IPUIPlugin
2023-10-20 00:21:24,807 [INFO] PluginManager:220 - loadIPPluginJar : add dma
2023-10-20 00:21:24,807 [INFO] IPUIPlugin:80 - create IPUIPlugin
2023-10-20 00:21:24,807 [INFO] PluginManager:220 - loadIPPluginJar : add dma3
2023-10-20 00:21:24,807 [INFO] IPUIPlugin:80 - create IPUIPlugin
2023-10-20 00:21:24,807 [INFO] PluginManager:220 - loadIPPluginJar : add fatfs
2023-10-20 00:21:24,807 [INFO] IPUIPlugin:80 - create IPUIPlugin
2023-10-20 00:21:24,807 [INFO] PluginManager:220 - loadIPPluginJar : add fmc
2023-10-20 00:21:24,823 [INFO] IPUIPlugin:80 - create IPUIPlugin
2023-10-20 00:21:24,823 [INFO] PluginManager:220 - loadIPPluginJar : add freertos
2023-10-20 00:21:24,823 [INFO] IPUIPlugin:80 - create IPUIPlugin
2023-10-20 00:21:24,823 [INFO] PluginManager:220 - loadIPPluginJar : add genericplugin
2023-10-20 00:21:24,823 [INFO] IPUIPlugin:80 - create IPUIPlugin
2023-10-20 00:21:24,823 [INFO] PluginManager:220 - loadIPPluginJar : add gfxmmu
2023-10-20 00:21:24,823 [INFO] IPUIPlugin:80 - create IPUIPlugin
2023-10-20 00:21:24,823 [INFO] PluginManager:220 - loadIPPluginJar : add gic
2023-10-20 00:21:24,838 [INFO] IPUIPlugin:80 - create IPUIPlugin
2023-10-20 00:21:24,838 [INFO] PluginManager:220 - loadIPPluginJar : add gpio
2023-10-20 00:21:24,838 [INFO] IPUIPlugin:80 - create IPUIPlugin
2023-10-20 00:21:24,838 [INFO] PluginManager:220 - loadIPPluginJar : add gtzc
2023-10-20 00:21:24,838 [INFO] IPUIPlugin:80 - create IPUIPlugin
2023-10-20 00:21:24,838 [INFO] PluginManager:220 - loadIPPluginJar : add hash
2023-10-20 00:21:24,854 [INFO] IPUIPlugin:80 - create IPUIPlugin
2023-10-20 00:21:24,854 [INFO] PluginManager:220 - loadIPPluginJar : add i2c
2023-10-20 00:21:24,854 [INFO] IPUIPlugin:80 - create IPUIPlugin
2023-10-20 00:21:24,854 [INFO] PluginManager:220 - loadIPPluginJar : add i2s
2023-10-20 00:21:24,854 [INFO] IPUIPlugin:80 - create IPUIPlugin
2023-10-20 00:21:24,854 [INFO] PluginManager:220 - loadIPPluginJar : add i3c
2023-10-20 00:21:24,854 [INFO] IPUIPlugin:80 - create IPUIPlugin
2023-10-20 00:21:24,854 [INFO] PluginManager:220 - loadIPPluginJar : add ipddr
2023-10-20 00:21:24,870 [INFO] IPUIPlugin:80 - create IPUIPlugin
2023-10-20 00:21:24,870 [INFO] PluginManager:220 - loadIPPluginJar : add linkedlist
2023-10-20 00:21:24,882 [INFO] IPUIPlugin:80 - create IPUIPlugin
2023-10-20 00:21:24,882 [INFO] PluginManager:220 - loadIPPluginJar : add lorawan
2023-10-20 00:21:24,882 [INFO] IPUIPlugin:80 - create IPUIPlugin
2023-10-20 00:21:24,886 [INFO] PluginManager:220 - loadIPPluginJar : add ltdc
2023-10-20 00:21:24,886 [INFO] IPUIPlugin:80 - create IPUIPlugin
2023-10-20 00:21:24,886 [INFO] PluginManager:220 - loadIPPluginJar : add mdma
2023-10-20 00:21:24,886 [INFO] IPUIPlugin:80 - create IPUIPlugin
2023-10-20 00:21:24,886 [INFO] PluginManager:220 - loadIPPluginJar : add nvic
2023-10-20 00:21:24,901 [INFO] IPUIPlugin:80 - create IPUIPlugin
2023-10-20 00:21:24,901 [INFO] PluginManager:220 - loadIPPluginJar : add opamp
2023-10-20 00:21:24,901 [INFO] IPUIPlugin:80 - create IPUIPlugin
2023-10-20 00:21:24,901 [INFO] PluginManager:220 - loadIPPluginJar : add openamp
2023-10-20 00:21:24,901 [INFO] IPUIPlugin:80 - create IPUIPlugin
2023-10-20 00:21:24,901 [INFO] PluginManager:220 - loadIPPluginJar : add pdm2pcm
2023-10-20 00:21:24,917 [INFO] IPUIPlugin:80 - create IPUIPlugin
2023-10-20 00:21:24,917 [INFO] PluginManager:220 - loadIPPluginJar : add plateformsettings
2023-10-20 00:21:24,917 [INFO] IPUIPlugin:80 - create IPUIPlugin
2023-10-20 00:21:24,917 [INFO] PluginManager:220 - loadIPPluginJar : add quadspi
2023-10-20 00:21:24,917 [INFO] IPUIPlugin:80 - create IPUIPlugin
2023-10-20 00:21:24,917 [INFO] PluginManager:220 - loadIPPluginJar : add resmgrutility
2023-10-20 00:21:24,933 [INFO] IPUIPlugin:80 - create IPUIPlugin
2023-10-20 00:21:24,933 [INFO] PluginManager:220 - loadIPPluginJar : add sai
2023-10-20 00:21:24,933 [INFO] IPUIPlugin:80 - create IPUIPlugin
2023-10-20 00:21:24,933 [INFO] PluginManager:220 - loadIPPluginJar : add spi
2023-10-20 00:21:24,933 [INFO] IPUIPlugin:80 - create IPUIPlugin
2023-10-20 00:21:24,933 [INFO] PluginManager:220 - loadIPPluginJar : add stm32_wpan
2023-10-20 00:21:24,933 [INFO] IPUIPlugin:80 - create IPUIPlugin
2023-10-20 00:21:24,933 [INFO] PluginManager:220 - loadIPPluginJar : add tim
2023-10-20 00:21:24,949 [INFO] IPUIPlugin:80 - create IPUIPlugin
2023-10-20 00:21:24,949 [INFO] PluginManager:220 - loadIPPluginJar : add touchsensing
2023-10-20 00:21:24,949 [INFO] IPUIPlugin:80 - create IPUIPlugin
2023-10-20 00:21:24,949 [INFO] PluginManager:220 - loadIPPluginJar : add tracer_emb
2023-10-20 00:21:24,949 [INFO] IPUIPlugin:80 - create IPUIPlugin
2023-10-20 00:21:24,949 [INFO] PluginManager:220 - loadIPPluginJar : add ts
2023-10-20 00:21:24,949 [INFO] IPUIPlugin:80 - create IPUIPlugin
2023-10-20 00:21:24,949 [INFO] PluginManager:220 - loadIPPluginJar : add tsc
2023-10-20 00:21:24,964 [INFO] IPUIPlugin:80 - create IPUIPlugin
2023-10-20 00:21:24,964 [INFO] PluginManager:220 - loadIPPluginJar : add ucpd
2023-10-20 00:21:24,964 [INFO] IPUIPlugin:80 - create IPUIPlugin
2023-10-20 00:21:24,964 [INFO] PluginManager:220 - loadIPPluginJar : add usart
2023-10-20 00:21:24,964 [INFO] IPUIPlugin:80 - create IPUIPlugin
2023-10-20 00:21:24,964 [INFO] PluginManager:220 - loadIPPluginJar : add usbx
2023-10-20 00:21:25,104 [INFO] CADModel:165 - CPN selected for project level
2023-10-20 00:21:25,104 [INFO] CADModel:114 - Register for checkConnection events
2023-10-20 00:21:25,104 [FATAL] Updater:308 - Updater called before beeing initialized
2023-10-20 00:21:25,104 [ERROR] CADModel:125 - Updater not yet initialized, retry later 
2023-10-20 00:21:25,341 [INFO] CADModel:165 - CPN selected for project level
2023-10-20 00:21:25,341 [INFO] CADModel:114 - Register for checkConnection events
2023-10-20 00:21:25,341 [FATAL] Updater:308 - Updater called before beeing initialized
2023-10-20 00:21:25,341 [ERROR] CADModel:125 - Updater not yet initialized, retry later 
2023-10-20 00:21:25,341 [FATAL] Updater:308 - Updater called before beeing initialized
2023-10-20 00:21:25,483 [FATAL] Updater:308 - Updater called before beeing initialized
2023-10-20 00:21:25,483 [INFO] DbMcusAds:53 - JSON generation date=Tue Mar 07 16:50:55 SGT 2023 (1678179055114)
2023-10-20 00:21:25,483 [FATAL] Updater:308 - Updater called before beeing initialized
2023-10-20 00:21:25,544 [WARN] DetailPanel:346 - Failed to get advertising image, set to default
2023-10-20 00:21:25,654 [FATAL] Updater:308 - Updater called before beeing initialized
2023-10-20 00:21:25,654 [FATAL] Updater:308 - Updater called before beeing initialized
2023-10-20 00:21:25,654 [FATAL] Updater:308 - Updater called before beeing initialized
2023-10-20 00:21:25,654 [WARN] DetailPanel:346 - Failed to get advertising image, set to default
2023-10-20 00:21:25,654 [FATAL] Updater:308 - Updater called before beeing initialized
2023-10-20 00:21:25,713 [ERROR] Updater:1120 - MainUpdater not yet initialized. External WinMGr cannot be set.
2023-10-20 00:21:25,713 [INFO] Updater:1056 - Updater Version found : 6.9.1
2023-10-20 00:21:25,744 [INFO] ApplicationProperties:184 - Using Application install path: C:\ST\STM32CubeIDE_1.13.1\STM32CubeIDE\plugins\com.st.stm32cube.common.mx_6.9.1.202307191849
2023-10-20 00:21:25,963 [INFO] MainUpdater:2868 - connection check result : 10
2023-10-20 00:21:25,979 [INFO] MainUpdater:285 - Updater Check For Update Now.
2023-10-20 00:21:25,979 [INFO] MicroXplorer:498 - Change Database Version : DB.6.0.91
2023-10-20 00:21:26,011 [INFO] McuFinderGlobals:63 - Set McuFinder mode to 2 (CubeIDE integrated)
2023-10-20 00:21:26,217 [INFO] CheckServerUpdateThread:120 - End of CheckServer Thread
2023-10-20 00:21:27,230 [WARN] PackLoader:240 - Cannot read IP mode file for STMicroelectronics.X-CUBE-SMBUS.2.1.0
2023-10-20 00:21:27,285 [WARN] PackLoader:240 - Cannot read IP mode file for STMicroelectronics.X-CUBE-AZRTOS-F7.1.1.0
2023-10-20 00:21:27,305 [WARN] PackLoader:240 - Cannot read IP mode file for STMicroelectronics.FP-SNS-MOTENV1.4.3.2
2023-10-20 00:21:27,318 [WARN] PackLoader:240 - Cannot read IP mode file for STMicroelectronics.FP-SNS-FLIGHT1.5.0.2
2023-10-20 00:21:27,341 [WARN] PackLoader:240 - Cannot read IP mode file for STMicroelectronics.X-CUBE-DISPLAY.3.0.0
2023-10-20 00:21:27,389 [WARN] PackLoader:240 - Cannot read IP mode file for STMicroelectronics.X-CUBE-BLE1.7.0.0
2023-10-20 00:21:27,400 [WARN] PackLoader:240 - Cannot read IP mode file for emotas.I-CUBE-CANOPEN.1.3.0
2023-10-20 00:21:27,421 [WARN] PackLoader:240 - Cannot read IP mode file for STMicroelectronics.X-CUBE-TOUCHGFX.4.22.0
2023-10-20 00:21:27,426 [WARN] PackLoader:240 - Cannot read IP mode file for STMicroelectronics.X-CUBE-TOUCHGFX.4.22.1
2023-10-20 00:21:27,435 [WARN] PackLoader:240 - Cannot read IP mode file for STMicroelectronics.FP-SNS-SMARTAG2.1.2.0
2023-10-20 00:21:27,468 [INFO] LogOutputStream:77 - [STDOUT_REDIRECT] 1 : Invalid condition id : UX_CORESTACK_Condition cause : null
2023-10-20 00:21:27,470 [INFO] LogOutputStream:77 - [STDOUT_REDIRECT] 1 : Invalid condition id : UX_CORESTACK_Condition cause : null
2023-10-20 00:21:27,474 [INFO] LogOutputStream:77 - [STDOUT_REDIRECT] 1 : Invalid condition id : UX_CORESTACK_Condition cause : null
2023-10-20 00:21:27,477 [INFO] LogOutputStream:77 - [STDOUT_REDIRECT] 1 : Invalid condition id : UX_CORESTACK_Condition cause : null
2023-10-20 00:21:27,481 [INFO] LogOutputStream:77 - [STDOUT_REDIRECT] 1 : Invalid condition id : UX_CORESTACK_Condition cause : null
2023-10-20 00:21:27,486 [WARN] PackLoader:240 - Cannot read IP mode file for STMicroelectronics.X-CUBE-AZRTOS-WL.2.0.0
2023-10-20 00:21:27,519 [WARN] PackLoader:240 - Cannot read IP mode file for WES.I-CUBE-Cesium.1.3.0
2023-10-20 00:21:27,530 [WARN] PackLoader:240 - Cannot read IP mode file for STMicroelectronics.X-CUBE-BLE2.3.3.0
2023-10-20 00:21:27,542 [WARN] PackLoader:240 - Cannot read IP mode file for STMicroelectronics.X-CUBE-ALGOBUILD.1.3.0
2023-10-20 00:21:27,591 [WARN] PackLoader:240 - Cannot read IP mode file for STMicroelectronics.X-CUBE-AZRTOS-G0.1.1.0
2023-10-20 00:21:27,606 [WARN] PackLoader:240 - Cannot read IP mode file for STMicroelectronics.X-CUBE-NFC4.3.0.0
2023-10-20 00:21:27,616 [WARN] PackLoader:240 - Cannot read IP mode file for STMicroelectronics.FP-ATR-SIGFOX1.3.2.0
2023-10-20 00:21:27,684 [WARN] PackLoader:240 - Cannot read IP mode file for SEGGER.I-CUBE-embOS.1.3.1
2023-10-20 00:21:27,738 [WARN] PackLoader:240 - Cannot read IP mode file for STMicroelectronics.X-CUBE-GNSS1.6.0.0
2023-10-20 00:21:27,787 [WARN] PackLoader:240 - Cannot read IP mode file for STMicroelectronics.X-CUBE-AZRTOS-F4.1.1.0
2023-10-20 00:21:27,800 [WARN] PackLoader:240 - Cannot read IP mode file for wolfSSL.I-CUBE-wolfSSL.5.6.3
2023-10-20 00:21:27,843 [WARN] PackLoader:240 - Cannot read IP mode file for STMicroelectronics.X-CUBE-AZRTOS-L5.2.0.0
2023-10-20 00:21:27,915 [WARN] PackLoader:240 - Cannot read IP mode file for STMicroelectronics.X-CUBE-MEMS1.9.6.0
2023-10-20 00:21:28,215 [WARN] PackLoader:240 - Cannot read IP mode file for ITTIA_DB.I-CUBE-ITTIADB.8.8.0
2023-10-20 00:21:28,228 [WARN] PackLoader:240 - Cannot read IP mode file for STMicroelectronics.X-CUBE-BLEMGR.2.0.0
2023-10-20 00:21:28,255 [WARN] ConditionMgr:438 - getConditionDescription Invalid condition id : UX DEVICE CLASS RTOS Condition cause : null
2023-10-20 00:21:28,256 [WARN] ConditionMgr:438 - getConditionDescription Invalid condition id : UX DEVICE CLASS RTOS Condition cause : null
2023-10-20 00:21:28,261 [WARN] PackLoader:240 - Cannot read IP mode file for STMicroelectronics.X-CUBE-AZRTOS-H7.3.1.0
2023-10-20 00:21:28,263 [WARN] ConditionMgr:1039 - genDependencies : Invalid condition id : UX DEVICE CLASS RTOS Condition cause : null
2023-10-20 00:21:28,264 [WARN] ConditionMgr:1039 - genDependencies : Invalid condition id : UX DEVICE CLASS RTOS Condition cause : null
2023-10-20 00:21:28,265 [WARN] ConditionMgr:1039 - genDependencies : Invalid condition id : UX DEVICE CLASS RTOS Condition cause : null
2023-10-20 00:21:28,266 [WARN] ConditionMgr:1039 - genDependencies : Invalid condition id : UX DEVICE CLASS RTOS Condition cause : null
2023-10-20 00:21:28,267 [WARN] ConditionMgr:1039 - genDependencies : Invalid condition id : UX DEVICE CLASS RTOS Condition cause : null
2023-10-20 00:21:28,277 [WARN] PackLoader:240 - Cannot read IP mode file for STMicroelectronics.X-CUBE-NFC7.1.0.1
2023-10-20 00:21:28,291 [WARN] PackLoader:240 - Cannot read IP mode file for STMicroelectronics.X-CUBE-NFC6.3.0.0
2023-10-20 00:21:28,304 [WARN] PackLoader:240 - Cannot read IP mode file for STMicroelectronics.X-CUBE-EEPRMA1.4.1.0
2023-10-20 00:21:28,313 [WARN] PackLoader:240 - Cannot read IP mode file for STMicroelectronics.X-CUBE-AI.8.1.0
2023-10-20 00:21:28,346 [WARN] ConditionMgr:438 - getConditionDescription Invalid condition id : LAN8742 Phy interface Condition cause : null
2023-10-20 00:21:28,348 [WARN] PackLoader:240 - Cannot read IP mode file for STMicroelectronics.X-CUBE-AZRTOS-L4.2.0.0
2023-10-20 00:21:28,350 [WARN] ConditionMgr:1039 - genDependencies : Invalid condition id : LAN8742 Phy interface Condition cause : null
2023-10-20 00:21:28,351 [WARN] ConditionMgr:1039 - genDependencies : Invalid condition id : LAN8742 Phy interface Condition cause : null
2023-10-20 00:21:28,352 [WARN] ConditionMgr:1039 - genDependencies : Invalid condition id : LAN8742 Phy interface Condition cause : null
2023-10-20 00:21:28,365 [WARN] PackLoader:240 - Cannot read IP mode file for STMicroelectronics.X-CUBE-SFXS2LP1.4.0.0
2023-10-20 00:21:28,376 [WARN] PackLoader:240 - Cannot read IP mode file for STMicroelectronics.X-CUBE-ISPU.1.1.0
2023-10-20 00:21:28,397 [WARN] ConditionMgr:438 - getConditionDescription Invalid condition id : UX DEVICE CLASS RTOS Condition cause : null
2023-10-20 00:21:28,398 [WARN] ConditionMgr:438 - getConditionDescription Invalid condition id : UX DEVICE CLASS RTOS Condition cause : null
2023-10-20 00:21:28,401 [WARN] PackLoader:240 - Cannot read IP mode file for STMicroelectronics.X-CUBE-AZRTOS-WB.2.0.0
2023-10-20 00:21:28,402 [WARN] ConditionMgr:1039 - genDependencies : Invalid condition id : UX DEVICE CLASS RTOS Condition cause : null
2023-10-20 00:21:28,402 [WARN] ConditionMgr:1039 - genDependencies : Invalid condition id : UX DEVICE CLASS RTOS Condition cause : null
2023-10-20 00:21:28,403 [WARN] ConditionMgr:1039 - genDependencies : Invalid condition id : UX DEVICE CLASS RTOS Condition cause : null
2023-10-20 00:21:28,403 [WARN] ConditionMgr:1039 - genDependencies : Invalid condition id : UX DEVICE CLASS RTOS Condition cause : null
2023-10-20 00:21:28,403 [WARN] ConditionMgr:1039 - genDependencies : Invalid condition id : UX DEVICE CLASS RTOS Condition cause : null
2023-10-20 00:21:28,410 [WARN] PackLoader:240 - Cannot read IP mode file for STMicroelectronics.X-CUBE-FREERTOS.1.0.1
2023-10-20 00:21:28,421 [WARN] PackLoader:240 - Cannot read IP mode file for STMicroelectronics.X-CUBE-SUBG2.5.0.0
2023-10-20 00:21:28,438 [WARN] PackLoader:240 - Cannot read IP mode file for STMicroelectronics.X-CUBE-TOF1.3.3.1
2023-10-20 00:21:28,462 [WARN] PackLoader:240 - Cannot read IP mode file for STMicroelectronics.X-CUBE-AZRTOS-G4.2.0.0
2023-10-20 00:21:28,478 [WARN] PackLoader:240 - Cannot read IP mode file for Infineon.AIROC-Wi-Fi-Bluetooth-STM32.1.5.1
2023-10-20 00:21:28,488 [WARN] PackLoader:240 - Cannot read IP mode file for STMicroelectronics.X-CUBE-FREERTOS.1.1.0
2023-10-20 00:21:28,495 [WARN] PackLoader:240 - Cannot read IP mode file for portGmbH.I-Cube-SoM-uGOAL.1.1.0
2023-10-20 00:21:28,502 [WARN] PackLoader:240 - Cannot read IP mode file for STMicroelectronics.X-CUBE-ALS.1.0.1
2023-10-20 00:21:28,507 [WARN] PackLoader:240 - Cannot read IP mode file for STMicroelectronics.FP-ATR-ASTRA1.2.0.0
2023-10-20 00:21:28,510 [INFO] ThirdParty:978 - Integrity check success = true
2023-10-20 00:21:28,510 [INFO] IntegrityCheckThread:100 - exiting critical section [integrity check]
2023-10-20 00:21:28,510 [INFO] IntegrityCheckThread:103 - End integrity checks thread
2023-10-20 00:21:47,872 [ERROR] LogOutputStream:75 - [STDERR_REDIRECT] SLF4J: Failed to load class "org.slf4j.impl.StaticLoggerBinder".
2023-10-20 00:21:47,872 [ERROR] LogOutputStream:75 - [STDERR_REDIRECT] SLF4J: Defaulting to no-operation (NOP) logger implementation
2023-10-20 00:21:47,880 [ERROR] LogOutputStream:75 - [STDERR_REDIRECT] SLF4J: See http://www.slf4j.org/codes.html#StaticLoggerBinder for further details.
2023-10-20 00:23:02,921 [INFO] LogOutputStream:77 - [STDOUT_REDIRECT] Unexpected error loading extension: org.eclipse.equinox.p2.metadata.repository.compositeRepository
2023-10-20 00:23:02,929 [ERROR] LogOutputStream:75 - [STDERR_REDIRECT] java.lang.IllegalStateException: bundle org.eclipse.equinox.p2.repositoryis not started
2023-10-20 00:23:02,935 [ERROR] LogOutputStream:75 - [STDERR_REDIRECT] 	at org.eclipse.equinox.internal.p2.repository.Activator.getContext(Activator.java:65)
2023-10-20 00:23:02,943 [ERROR] LogOutputStream:75 - [STDERR_REDIRECT] 	at org.eclipse.equinox.internal.p2.repository.helpers.AbstractRepositoryManager.restoreFromSystemProperty(AbstractRepositoryManager.java:1013)
2023-10-20 00:23:02,951 [ERROR] LogOutputStream:75 - [STDERR_REDIRECT] 	at org.eclipse.equinox.internal.p2.repository.helpers.AbstractRepositoryManager.restoreRepositories(AbstractRepositoryManager.java:1033)
2023-10-20 00:23:02,959 [ERROR] LogOutputStream:75 - [STDERR_REDIRECT] 	at org.eclipse.equinox.internal.p2.repository.helpers.AbstractRepositoryManager.sortSuffixes(AbstractRepositoryManager.java:1112)
2023-10-20 00:23:02,966 [ERROR] LogOutputStream:75 - [STDERR_REDIRECT] 	at org.eclipse.equinox.internal.p2.repository.helpers.AbstractRepositoryManager.loadRepository(AbstractRepositoryManager.java:676)
2023-10-20 00:23:02,973 [ERROR] LogOutputStream:75 - [STDERR_REDIRECT] 	at org.eclipse.equinox.internal.p2.metadata.repository.MetadataRepositoryManager.loadRepository(MetadataRepositoryManager.java:110)
2023-10-20 00:23:02,981 [ERROR] LogOutputStream:75 - [STDERR_REDIRECT] 	at org.eclipse.equinox.internal.p2.metadata.repository.MetadataRepositoryManager.loadRepository(MetadataRepositoryManager.java:105)
2023-10-20 00:23:02,986 [ERROR] LogOutputStream:75 - [STDERR_REDIRECT] 	at org.eclipse.equinox.internal.p2.metadata.repository.CompositeMetadataRepository.addChild(CompositeMetadataRepository.java:171)
2023-10-20 00:23:02,992 [ERROR] LogOutputStream:75 - [STDERR_REDIRECT] 	at org.eclipse.equinox.internal.p2.metadata.repository.CompositeMetadataRepository.<init>(CompositeMetadataRepository.java:113)
2023-10-20 00:23:02,998 [ERROR] LogOutputStream:75 - [STDERR_REDIRECT] 	at org.eclipse.equinox.internal.p2.metadata.repository.CompositeMetadataRepositoryFactory.load(CompositeMetadataRepositoryFactory.java:124)
2023-10-20 00:23:03,004 [ERROR] LogOutputStream:75 - [STDERR_REDIRECT] 	at org.eclipse.equinox.internal.p2.metadata.repository.MetadataRepositoryManager.factoryLoad(MetadataRepositoryManager.java:63)
2023-10-20 00:23:03,011 [ERROR] LogOutputStream:75 - [STDERR_REDIRECT] 	at org.eclipse.equinox.internal.p2.repository.helpers.AbstractRepositoryManager.loadRepository(AbstractRepositoryManager.java:787)
2023-10-20 00:23:03,018 [ERROR] LogOutputStream:75 - [STDERR_REDIRECT] 	at org.eclipse.equinox.internal.p2.repository.helpers.AbstractRepositoryManager.loadRepository(AbstractRepositoryManager.java:685)
2023-10-20 00:23:03,023 [ERROR] LogOutputStream:75 - [STDERR_REDIRECT] 	at org.eclipse.equinox.internal.p2.metadata.repository.MetadataRepositoryManager.loadRepository(MetadataRepositoryManager.java:110)
2023-10-20 00:23:03,030 [ERROR] LogOutputStream:75 - [STDERR_REDIRECT] 	at org.eclipse.equinox.internal.p2.metadata.repository.MetadataRepositoryManager.loadRepository(MetadataRepositoryManager.java:105)
2023-10-20 00:23:03,038 [ERROR] LogOutputStream:75 - [STDERR_REDIRECT] 	at org.eclipse.equinox.internal.p2.metadata.repository.CompositeMetadataRepository.addChild(CompositeMetadataRepository.java:171)
2023-10-20 00:23:03,046 [ERROR] LogOutputStream:75 - [STDERR_REDIRECT] 	at org.eclipse.equinox.internal.p2.metadata.repository.CompositeMetadataRepository.<init>(CompositeMetadataRepository.java:113)
2023-10-20 00:23:03,054 [ERROR] LogOutputStream:75 - [STDERR_REDIRECT] 	at org.eclipse.equinox.internal.p2.metadata.repository.CompositeMetadataRepositoryFactory.load(CompositeMetadataRepositoryFactory.java:124)
