2023-10-07 00:26:33,217 [INFO] Activator:176 - 


2023-10-07 00:26:33,228 [INFO] Activator:177 - !SESSION log4j initialized
2023-10-07 00:26:43,912 [INFO] LogOutputStream:77 - [STDOUT_REDIRECT] 
2023-10-07 00:26:46,198 [INFO] ApplicationProperties:184 - Using Application install path: C:\ST\STM32CubeIDE_1.13.1\STM32CubeIDE\plugins\com.st.stm32cube.common.mx_6.9.1.202307191849
2023-10-07 00:26:46,261 [INFO] DbMcusXml:78 - Set database path to: C:\ST\STM32CubeIDE_1.13.1\STM32CubeIDE\plugins\com.st.stm32cube.common.mx_6.9.1.202307191849\\db\/mcu/
2023-10-07 00:26:46,261 [INFO] ApiDb:274 - Set plugin database path to: C:\ST\STM32CubeIDE_1.13.1\STM32CubeIDE\plugins\com.st.stm32cube.common.mx_6.9.1.202307191849\\db\/plugins/boardmanager/
2023-10-07 00:26:46,276 [WARN] ApiDb:259 - Overriding images path with different value:  => C:\ST\STM32CubeIDE_1.13.1\STM32CubeIDE\plugins\com.st.stm32cube.common.mx_6.9.1.202307191849\\db\/plugins/mcufinder/images/
2023-10-07 00:26:46,292 [INFO] ApiDb:250 - Set database path to: C:\Users\yaomi\.stmcufinder\plugins\mcufinder//mcu/
2023-10-07 00:26:46,292 [INFO] DbMcusAds:125 - Set database path to: C:\Users\yaomi\.stmcufinder\plugins\mcufinder//mcu/
2023-10-07 00:26:46,307 [INFO] CrossReferenceDbSqlite:203 - Set database path to: C:\Users\yaomi\.stmcufinder\plugins\mcufinder//mcu/cs/
2023-10-07 00:26:46,543 [INFO] RulesReader:64 - Compatibility file has been processed (293 Rules)
2023-10-07 00:26:46,734 [INFO] DbMcusXml:78 - Set database path to: C:\ST\STM32CubeIDE_1.13.1\STM32CubeIDE\plugins\com.st.stm32cube.common.mx_6.9.1.202307191849\\db\/mcu/
2023-10-07 00:26:46,734 [INFO] ApiDb:274 - Set plugin database path to: C:\ST\STM32CubeIDE_1.13.1\STM32CubeIDE\plugins\com.st.stm32cube.common.mx_6.9.1.202307191849\\db\/plugins/boardmanager/
2023-10-07 00:26:46,734 [INFO] ApiDb:261 - Set plugin images path to: C:\ST\STM32CubeIDE_1.13.1\STM32CubeIDE\plugins\com.st.stm32cube.common.mx_6.9.1.202307191849\\db\/plugins/mcufinder/images/
2023-10-07 00:26:46,734 [WARN] DbFile:41 - Overriding database path with different value: C:\Users\yaomi\.stmcufinder\plugins\mcufinder/ => C:\Users\yaomi\.stmcufinder\plugins\mcufinder
2023-10-07 00:26:46,734 [INFO] ApiDb:250 - Set database path to: C:\Users\yaomi\.stmcufinder\plugins\mcufinder//mcu/
2023-10-07 00:26:46,734 [WARN] DbFile:41 - Overriding database path with different value: C:\Users\yaomi\.stmcufinder\plugins\mcufinder/ => C:\Users\yaomi\.stmcufinder\plugins\mcufinder
2023-10-07 00:26:46,734 [INFO] DbMcusAds:125 - Set database path to: C:\Users\yaomi\.stmcufinder\plugins\mcufinder//mcu/
2023-10-07 00:26:46,734 [WARN] DbFile:41 - Overriding database path with different value: C:\Users\yaomi\.stmcufinder\plugins\mcufinder/ => C:\Users\yaomi\.stmcufinder\plugins\mcufinder
2023-10-07 00:26:46,734 [WARN] DbFile:41 - Overriding database path with different value: C:\Users\yaomi\.stmcufinder\plugins\mcufinder/ => C:\Users\yaomi\.stmcufinder\plugins\mcufinder
2023-10-07 00:26:46,734 [INFO] CrossReferenceDbSqlite:203 - Set database path to: C:\Users\yaomi\.stmcufinder\plugins\mcufinder//mcu/cs/
2023-10-07 00:26:46,842 [INFO] MainPanel:262 - HeapMemory: 268435456
2023-10-07 00:26:46,967 [INFO] DbMcusXml:78 - Set database path to: C:\ST\STM32CubeIDE_1.13.1\STM32CubeIDE\plugins\com.st.stm32cube.common.mx_6.9.1.202307191849\\db\/mcu/
2023-10-07 00:26:46,967 [INFO] ApiDb:274 - Set plugin database path to: C:\ST\STM32CubeIDE_1.13.1\STM32CubeIDE\plugins\com.st.stm32cube.common.mx_6.9.1.202307191849\\db\/plugins/boardmanager/
2023-10-07 00:26:46,967 [INFO] ApiDb:261 - Set plugin images path to: C:\ST\STM32CubeIDE_1.13.1\STM32CubeIDE\plugins\com.st.stm32cube.common.mx_6.9.1.202307191849\\db\/plugins/mcufinder/images/
2023-10-07 00:26:46,967 [WARN] DbFile:41 - Overriding database path with different value: C:\Users\yaomi\.stmcufinder\plugins\mcufinder/ => C:\Users\yaomi\.stmcufinder\plugins\mcufinder
2023-10-07 00:26:46,967 [INFO] ApiDb:250 - Set database path to: C:\Users\yaomi\.stmcufinder\plugins\mcufinder//mcu/
2023-10-07 00:26:46,967 [WARN] DbFile:41 - Overriding database path with different value: C:\Users\yaomi\.stmcufinder\plugins\mcufinder/ => C:\Users\yaomi\.stmcufinder\plugins\mcufinder
2023-10-07 00:26:46,967 [INFO] DbMcusAds:125 - Set database path to: C:\Users\yaomi\.stmcufinder\plugins\mcufinder//mcu/
2023-10-07 00:26:46,967 [WARN] DbFile:41 - Overriding database path with different value: C:\Users\yaomi\.stmcufinder\plugins\mcufinder/ => C:\Users\yaomi\.stmcufinder\plugins\mcufinder
2023-10-07 00:26:46,967 [WARN] DbFile:41 - Overriding database path with different value: C:\Users\yaomi\.stmcufinder\plugins\mcufinder/ => C:\Users\yaomi\.stmcufinder\plugins\mcufinder
2023-10-07 00:26:46,967 [INFO] CrossReferenceDbSqlite:203 - Set database path to: C:\Users\yaomi\.stmcufinder\plugins\mcufinder//mcu/cs/
2023-10-07 00:26:46,983 [INFO] ApplicationProperties:184 - Using Application install path: C:\ST\STM32CubeIDE_1.13.1\STM32CubeIDE\plugins\com.st.stm32cube.common.mx_6.9.1.202307191849
2023-10-07 00:26:46,998 [INFO] PluginManage:196 - Search for loadable plugins [exclusion list=, ]
2023-10-07 00:26:46,998 [INFO] PluginManage:310 - Check plugin analytics
2023-10-07 00:26:47,312 [INFO] AnalyticsPlugin:253 - Accepted Software Licenses: 
2023-10-07 00:26:47,312 [INFO] AnalyticsPlugin:255 - Accepted CMSIS Pack Licenses: 
2023-10-07 00:26:47,312 [INFO] AnalyticsPlugin:257 - Accepted Firmware Licenses: FW.F4.1.27.0
2023-10-07 00:26:47,328 [INFO] PluginManage:359 - Loaded plugin analytics (category:tool,tabindex:-1)
2023-10-07 00:26:47,336 [INFO] PluginManage:310 - Check plugin cadmodel
2023-10-07 00:26:47,344 [INFO] CADModel:105 - Init CAD model plugin
2023-10-07 00:26:47,344 [INFO] PluginManage:359 - Loaded plugin cadmodel (category:power,tabindex:5)
2023-10-07 00:26:47,344 [INFO] PluginManage:310 - Check plugin clock
2023-10-07 00:26:47,360 [INFO] PluginManage:359 - Loaded plugin clock (category:base,tabindex:2)
2023-10-07 00:26:47,360 [INFO] PluginManage:310 - Check plugin ddr
2023-10-07 00:26:47,360 [INFO] PluginManage:359 - Loaded plugin ddr (category:tool,tabindex:6)
2023-10-07 00:26:47,360 [INFO] PluginManage:310 - Check plugin filemanager
2023-10-07 00:26:47,553 [INFO] PluginManage:359 - Loaded plugin filemanager (category:base,tabindex:10)
2023-10-07 00:26:47,553 [INFO] PluginManage:310 - Check plugin ipmanager
2023-10-07 00:26:47,569 [INFO] PluginManage:359 - Loaded plugin ipmanager (category:base,tabindex:5)
2023-10-07 00:26:47,569 [INFO] PluginManage:310 - Check plugin lpbam
2023-10-07 00:26:47,569 [INFO] PluginManage:359 - Loaded plugin lpbam (category:base,tabindex:0)
2023-10-07 00:26:47,569 [INFO] PluginManage:310 - Check plugin memorymap
2023-10-07 00:26:47,600 [INFO] PluginManage:359 - Loaded plugin memorymap (category:base,tabindex:4)
2023-10-07 00:26:47,600 [INFO] PluginManage:310 - Check plugin pinoutandconfiguration
2023-10-07 00:26:47,616 [INFO] PluginManage:359 - Loaded plugin pinoutandconfiguration (category:base,tabindex:1)
2023-10-07 00:26:47,616 [INFO] PluginManage:310 - Check plugin pinoutconfig
2023-10-07 00:26:47,804 [WARN] SupportedApi:132 - Cannot load RTOS API schema: s4s-elt-must-match.1: The content of 'definitions' must match (annotation?, (simpleType | complexType)?, (unique | key | keyref)*)). A problem was found starting at: attribute.
2023-10-07 00:26:47,977 [INFO] PluginManage:359 - Loaded plugin pinoutconfig (category:base,tabindex:0)
2023-10-07 00:26:47,977 [INFO] PluginManage:310 - Check plugin power
2023-10-07 00:26:47,993 [INFO] PluginManage:359 - Loaded plugin power (category:power,tabindex:4)
2023-10-07 00:26:47,993 [INFO] PluginManage:310 - Check plugin projectmanager
2023-10-07 00:26:48,008 [INFO] PluginManage:359 - Loaded plugin projectmanager (category:projectmanager,tabindex:3)
2023-10-07 00:26:48,008 [INFO] PluginManage:310 - Check plugin thirdparty
2023-10-07 00:26:48,212 [WARN] IntegrityCheckThread:84 - waiting for thirdparty lock release [integrity check]
2023-10-07 00:26:48,212 [INFO] IntegrityCheckThread:86 - entering critical section [integrity check]
2023-10-07 00:26:48,212 [INFO] ThirdPartyUpdaterWithRetryManager:70 - Updater plugin not ready yet. [1/15]
2023-10-07 00:26:48,212 [INFO] PluginManage:359 - Loaded plugin thirdparty (category:base,tabindex:-1)
2023-10-07 00:26:48,220 [INFO] PluginManage:310 - Check plugin tools
2023-10-07 00:26:48,220 [INFO] PluginManage:359 - Loaded plugin tools (category:base,tabindex:7)
2023-10-07 00:26:48,220 [INFO] PluginManage:310 - Check plugin tutovideos
2023-10-07 00:26:48,518 [INFO] PluginManage:359 - Loaded plugin tutovideos (category:base,tabindex:-1)
2023-10-07 00:26:48,518 [INFO] PluginManage:310 - Check plugin updater
2023-10-07 00:26:48,538 [INFO] PluginManage:359 - Loaded plugin updater (category:base,tabindex:12)
2023-10-07 00:26:48,538 [INFO] PluginManage:310 - Check plugin userauth
2023-10-07 00:26:48,538 [INFO] UserAuth:113 - Init User Auth plugin
2023-10-07 00:26:48,538 [INFO] PluginManage:359 - Loaded plugin userauth (category:base,tabindex:14)
2023-10-07 00:26:48,538 [INFO] PluginManage:283 - PluginManage : Loaded plugins [17]
2023-10-07 00:26:48,839 [INFO] PinOutPanel:1499 - setPackage(No Configuration,No Configuration)
2023-10-07 00:26:48,958 [INFO] CADModel:165 - CPN selected for project level
2023-10-07 00:26:48,958 [INFO] CADModel:114 - Register for checkConnection events
2023-10-07 00:26:48,989 [INFO] IPUIPlugin:80 - create IPUIPlugin
2023-10-07 00:26:48,989 [INFO] PluginManager:220 - loadIPPluginJar : add adc
2023-10-07 00:26:48,989 [INFO] IPUIPlugin:80 - create IPUIPlugin
2023-10-07 00:26:48,989 [INFO] PluginManager:220 - loadIPPluginJar : add aes
2023-10-07 00:26:48,989 [INFO] IPUIPlugin:80 - create IPUIPlugin
2023-10-07 00:26:48,989 [INFO] PluginManager:220 - loadIPPluginJar : add can
2023-10-07 00:26:48,989 [INFO] IPUIPlugin:80 - create IPUIPlugin
2023-10-07 00:26:48,989 [INFO] PluginManager:220 - loadIPPluginJar : add comp
2023-10-07 00:26:48,989 [INFO] IPUIPlugin:80 - create IPUIPlugin
2023-10-07 00:26:48,989 [INFO] PluginManager:220 - loadIPPluginJar : add cryp
2023-10-07 00:26:49,005 [INFO] IPUIPlugin:80 - create IPUIPlugin
2023-10-07 00:26:49,005 [INFO] PluginManager:220 - loadIPPluginJar : add dfsdm
2023-10-07 00:26:49,005 [INFO] IPUIPlugin:80 - create IPUIPlugin
2023-10-07 00:26:49,005 [INFO] PluginManager:220 - loadIPPluginJar : add dma
2023-10-07 00:26:49,021 [INFO] IPUIPlugin:80 - create IPUIPlugin
2023-10-07 00:26:49,021 [INFO] PluginManager:220 - loadIPPluginJar : add dma3
2023-10-07 00:26:49,021 [INFO] IPUIPlugin:80 - create IPUIPlugin
2023-10-07 00:26:49,021 [INFO] PluginManager:220 - loadIPPluginJar : add fatfs
2023-10-07 00:26:49,021 [INFO] IPUIPlugin:80 - create IPUIPlugin
2023-10-07 00:26:49,021 [INFO] PluginManager:220 - loadIPPluginJar : add fmc
2023-10-07 00:26:49,021 [INFO] IPUIPlugin:80 - create IPUIPlugin
2023-10-07 00:26:49,021 [INFO] PluginManager:220 - loadIPPluginJar : add freertos
2023-10-07 00:26:49,036 [INFO] IPUIPlugin:80 - create IPUIPlugin
2023-10-07 00:26:49,036 [INFO] PluginManager:220 - loadIPPluginJar : add genericplugin
2023-10-07 00:26:49,039 [INFO] IPUIPlugin:80 - create IPUIPlugin
2023-10-07 00:26:49,039 [INFO] PluginManager:220 - loadIPPluginJar : add gfxmmu
2023-10-07 00:26:49,039 [INFO] IPUIPlugin:80 - create IPUIPlugin
2023-10-07 00:26:49,039 [INFO] PluginManager:220 - loadIPPluginJar : add gic
2023-10-07 00:26:49,052 [INFO] IPUIPlugin:80 - create IPUIPlugin
2023-10-07 00:26:49,052 [INFO] PluginManager:220 - loadIPPluginJar : add gpio
2023-10-07 00:26:49,052 [INFO] IPUIPlugin:80 - create IPUIPlugin
2023-10-07 00:26:49,052 [INFO] PluginManager:220 - loadIPPluginJar : add gtzc
2023-10-07 00:26:49,052 [INFO] IPUIPlugin:80 - create IPUIPlugin
2023-10-07 00:26:49,052 [INFO] PluginManager:220 - loadIPPluginJar : add hash
2023-10-07 00:26:49,052 [INFO] IPUIPlugin:80 - create IPUIPlugin
2023-10-07 00:26:49,052 [INFO] PluginManager:220 - loadIPPluginJar : add i2c
2023-10-07 00:26:49,068 [INFO] IPUIPlugin:80 - create IPUIPlugin
2023-10-07 00:26:49,068 [INFO] PluginManager:220 - loadIPPluginJar : add i2s
2023-10-07 00:26:49,068 [INFO] IPUIPlugin:80 - create IPUIPlugin
2023-10-07 00:26:49,068 [INFO] PluginManager:220 - loadIPPluginJar : add i3c
2023-10-07 00:26:49,068 [INFO] IPUIPlugin:80 - create IPUIPlugin
2023-10-07 00:26:49,068 [INFO] PluginManager:220 - loadIPPluginJar : add ipddr
2023-10-07 00:26:49,084 [INFO] IPUIPlugin:80 - create IPUIPlugin
2023-10-07 00:26:49,084 [INFO] PluginManager:220 - loadIPPluginJar : add linkedlist
2023-10-07 00:26:49,084 [INFO] IPUIPlugin:80 - create IPUIPlugin
2023-10-07 00:26:49,084 [INFO] PluginManager:220 - loadIPPluginJar : add lorawan
2023-10-07 00:26:49,084 [INFO] IPUIPlugin:80 - create IPUIPlugin
2023-10-07 00:26:49,084 [INFO] PluginManager:220 - loadIPPluginJar : add ltdc
2023-10-07 00:26:49,099 [INFO] IPUIPlugin:80 - create IPUIPlugin
2023-10-07 00:26:49,099 [INFO] PluginManager:220 - loadIPPluginJar : add mdma
2023-10-07 00:26:49,099 [INFO] IPUIPlugin:80 - create IPUIPlugin
2023-10-07 00:26:49,099 [INFO] PluginManager:220 - loadIPPluginJar : add nvic
2023-10-07 00:26:49,099 [INFO] IPUIPlugin:80 - create IPUIPlugin
2023-10-07 00:26:49,099 [INFO] PluginManager:220 - loadIPPluginJar : add opamp
2023-10-07 00:26:49,115 [INFO] IPUIPlugin:80 - create IPUIPlugin
2023-10-07 00:26:49,115 [INFO] PluginManager:220 - loadIPPluginJar : add openamp
2023-10-07 00:26:49,115 [INFO] IPUIPlugin:80 - create IPUIPlugin
2023-10-07 00:26:49,115 [INFO] PluginManager:220 - loadIPPluginJar : add pdm2pcm
2023-10-07 00:26:49,115 [INFO] IPUIPlugin:80 - create IPUIPlugin
2023-10-07 00:26:49,131 [INFO] PluginManager:220 - loadIPPluginJar : add plateformsettings
2023-10-07 00:26:49,131 [INFO] IPUIPlugin:80 - create IPUIPlugin
2023-10-07 00:26:49,131 [INFO] PluginManager:220 - loadIPPluginJar : add quadspi
2023-10-07 00:26:49,140 [INFO] IPUIPlugin:80 - create IPUIPlugin
2023-10-07 00:26:49,140 [INFO] PluginManager:220 - loadIPPluginJar : add resmgrutility
2023-10-07 00:26:49,147 [INFO] IPUIPlugin:80 - create IPUIPlugin
2023-10-07 00:26:49,147 [INFO] PluginManager:220 - loadIPPluginJar : add sai
2023-10-07 00:26:49,147 [INFO] IPUIPlugin:80 - create IPUIPlugin
2023-10-07 00:26:49,147 [INFO] PluginManager:220 - loadIPPluginJar : add spi
2023-10-07 00:26:49,147 [INFO] IPUIPlugin:80 - create IPUIPlugin
2023-10-07 00:26:49,147 [INFO] PluginManager:220 - loadIPPluginJar : add stm32_wpan
2023-10-07 00:26:49,147 [INFO] IPUIPlugin:80 - create IPUIPlugin
2023-10-07 00:26:49,147 [INFO] PluginManager:220 - loadIPPluginJar : add tim
2023-10-07 00:26:49,162 [INFO] IPUIPlugin:80 - create IPUIPlugin
2023-10-07 00:26:49,162 [INFO] PluginManager:220 - loadIPPluginJar : add touchsensing
2023-10-07 00:26:49,162 [INFO] IPUIPlugin:80 - create IPUIPlugin
2023-10-07 00:26:49,162 [INFO] PluginManager:220 - loadIPPluginJar : add tracer_emb
2023-10-07 00:26:49,162 [INFO] IPUIPlugin:80 - create IPUIPlugin
2023-10-07 00:26:49,162 [INFO] PluginManager:220 - loadIPPluginJar : add ts
2023-10-07 00:26:49,162 [INFO] IPUIPlugin:80 - create IPUIPlugin
2023-10-07 00:26:49,162 [INFO] PluginManager:220 - loadIPPluginJar : add tsc
2023-10-07 00:26:49,162 [INFO] IPUIPlugin:80 - create IPUIPlugin
2023-10-07 00:26:49,162 [INFO] PluginManager:220 - loadIPPluginJar : add ucpd
2023-10-07 00:26:49,178 [INFO] IPUIPlugin:80 - create IPUIPlugin
2023-10-07 00:26:49,178 [INFO] PluginManager:220 - loadIPPluginJar : add usart
2023-10-07 00:26:49,178 [INFO] IPUIPlugin:80 - create IPUIPlugin
2023-10-07 00:26:49,178 [INFO] PluginManager:220 - loadIPPluginJar : add usbx
2023-10-07 00:26:49,326 [INFO] CADModel:165 - CPN selected for project level
2023-10-07 00:26:49,326 [INFO] CADModel:114 - Register for checkConnection events
2023-10-07 00:26:49,326 [FATAL] Updater:308 - Updater called before beeing initialized
2023-10-07 00:26:49,326 [ERROR] CADModel:125 - Updater not yet initialized, retry later 
2023-10-07 00:26:49,554 [INFO] CADModel:165 - CPN selected for project level
2023-10-07 00:26:49,554 [INFO] CADModel:114 - Register for checkConnection events
2023-10-07 00:26:49,554 [FATAL] Updater:308 - Updater called before beeing initialized
2023-10-07 00:26:49,554 [ERROR] CADModel:125 - Updater not yet initialized, retry later 
2023-10-07 00:26:49,554 [FATAL] Updater:308 - Updater called before beeing initialized
2023-10-07 00:26:49,679 [FATAL] Updater:308 - Updater called before beeing initialized
2023-10-07 00:26:49,679 [INFO] DbMcusAds:53 - JSON generation date=Tue Mar 07 16:50:55 SGT 2023 (1678179055114)
2023-10-07 00:26:49,679 [FATAL] Updater:308 - Updater called before beeing initialized
2023-10-07 00:26:49,726 [WARN] DetailPanel:346 - Failed to get advertising image, set to default
2023-10-07 00:26:49,852 [FATAL] Updater:308 - Updater called before beeing initialized
2023-10-07 00:26:49,852 [FATAL] Updater:308 - Updater called before beeing initialized
2023-10-07 00:26:49,852 [FATAL] Updater:308 - Updater called before beeing initialized
2023-10-07 00:26:49,852 [WARN] DetailPanel:346 - Failed to get advertising image, set to default
2023-10-07 00:26:49,852 [FATAL] Updater:308 - Updater called before beeing initialized
2023-10-07 00:26:49,907 [ERROR] Updater:1120 - MainUpdater not yet initialized. External WinMGr cannot be set.
2023-10-07 00:26:49,923 [INFO] Updater:1056 - Updater Version found : 6.9.1
2023-10-07 00:26:49,941 [INFO] ApplicationProperties:184 - Using Application install path: C:\ST\STM32CubeIDE_1.13.1\STM32CubeIDE\plugins\com.st.stm32cube.common.mx_6.9.1.202307191849
2023-10-07 00:26:50,159 [INFO] MainUpdater:2868 - connection check result : 10
2023-10-07 00:26:50,159 [INFO] MainUpdater:285 - Updater Check For Update Now.
2023-10-07 00:26:50,159 [INFO] MicroXplorer:498 - Change Database Version : DB.6.0.91
2023-10-07 00:26:50,205 [INFO] McuFinderGlobals:63 - Set McuFinder mode to 2 (CubeIDE integrated)
2023-10-07 00:26:50,393 [INFO] CheckServerUpdateThread:120 - End of CheckServer Thread
2023-10-07 00:26:51,455 [WARN] PackLoader:240 - Cannot read IP mode file for STMicroelectronics.X-CUBE-SMBUS.2.1.0
2023-10-07 00:26:51,523 [WARN] PackLoader:240 - Cannot read IP mode file for STMicroelectronics.X-CUBE-AZRTOS-F7.1.1.0
2023-10-07 00:26:51,544 [WARN] PackLoader:240 - Cannot read IP mode file for STMicroelectronics.FP-SNS-MOTENV1.4.3.2
2023-10-07 00:26:51,557 [WARN] PackLoader:240 - Cannot read IP mode file for STMicroelectronics.FP-SNS-FLIGHT1.5.0.2
2023-10-07 00:26:51,579 [WARN] PackLoader:240 - Cannot read IP mode file for STMicroelectronics.X-CUBE-DISPLAY.3.0.0
2023-10-07 00:26:51,627 [WARN] PackLoader:240 - Cannot read IP mode file for STMicroelectronics.X-CUBE-BLE1.7.0.0
2023-10-07 00:26:51,640 [WARN] PackLoader:240 - Cannot read IP mode file for emotas.I-CUBE-CANOPEN.1.3.0
2023-10-07 00:26:51,659 [WARN] PackLoader:240 - Cannot read IP mode file for STMicroelectronics.X-CUBE-TOUCHGFX.4.22.0
2023-10-07 00:26:51,665 [WARN] PackLoader:240 - Cannot read IP mode file for STMicroelectronics.X-CUBE-TOUCHGFX.4.22.1
2023-10-07 00:26:51,675 [WARN] PackLoader:240 - Cannot read IP mode file for STMicroelectronics.FP-SNS-SMARTAG2.1.2.0
2023-10-07 00:26:51,704 [INFO] LogOutputStream:77 - [STDOUT_REDIRECT] 1 : Invalid condition id : UX_CORESTACK_Condition cause : null
2023-10-07 00:26:51,706 [INFO] LogOutputStream:77 - [STDOUT_REDIRECT] 1 : Invalid condition id : UX_CORESTACK_Condition cause : null
2023-10-07 00:26:51,709 [INFO] LogOutputStream:77 - [STDOUT_REDIRECT] 1 : Invalid condition id : UX_CORESTACK_Condition cause : null
2023-10-07 00:26:51,713 [INFO] LogOutputStream:77 - [STDOUT_REDIRECT] 1 : Invalid condition id : UX_CORESTACK_Condition cause : null
2023-10-07 00:26:51,717 [INFO] LogOutputStream:77 - [STDOUT_REDIRECT] 1 : Invalid condition id : UX_CORESTACK_Condition cause : null
2023-10-07 00:26:51,723 [WARN] PackLoader:240 - Cannot read IP mode file for STMicroelectronics.X-CUBE-AZRTOS-WL.2.0.0
2023-10-07 00:26:51,759 [WARN] PackLoader:240 - Cannot read IP mode file for WES.I-CUBE-Cesium.1.3.0
2023-10-07 00:26:51,771 [WARN] PackLoader:240 - Cannot read IP mode file for STMicroelectronics.X-CUBE-BLE2.3.3.0
2023-10-07 00:26:51,786 [WARN] PackLoader:240 - Cannot read IP mode file for STMicroelectronics.X-CUBE-ALGOBUILD.1.3.0
2023-10-07 00:26:51,841 [WARN] PackLoader:240 - Cannot read IP mode file for STMicroelectronics.X-CUBE-AZRTOS-G0.1.1.0
2023-10-07 00:26:51,855 [WARN] PackLoader:240 - Cannot read IP mode file for STMicroelectronics.X-CUBE-NFC4.3.0.0
2023-10-07 00:26:51,865 [WARN] PackLoader:240 - Cannot read IP mode file for STMicroelectronics.FP-ATR-SIGFOX1.3.2.0
2023-10-07 00:26:51,945 [WARN] PackLoader:240 - Cannot read IP mode file for SEGGER.I-CUBE-embOS.1.3.1
2023-10-07 00:26:52,018 [WARN] PackLoader:240 - Cannot read IP mode file for STMicroelectronics.X-CUBE-GNSS1.6.0.0
2023-10-07 00:26:52,052 [WARN] PackLoader:240 - Cannot read IP mode file for STMicroelectronics.X-CUBE-AZRTOS-F4.1.1.0
2023-10-07 00:26:52,072 [WARN] PackLoader:240 - Cannot read IP mode file for wolfSSL.I-CUBE-wolfSSL.5.6.3
2023-10-07 00:26:52,110 [WARN] PackLoader:240 - Cannot read IP mode file for STMicroelectronics.X-CUBE-AZRTOS-L5.2.0.0
2023-10-07 00:26:52,160 [WARN] PackLoader:240 - Cannot read IP mode file for STMicroelectronics.X-CUBE-MEMS1.9.6.0
2023-10-07 00:26:52,517 [WARN] PackLoader:240 - Cannot read IP mode file for ITTIA_DB.I-CUBE-ITTIADB.8.8.0
2023-10-07 00:26:52,530 [WARN] PackLoader:240 - Cannot read IP mode file for STMicroelectronics.X-CUBE-BLEMGR.2.0.0
2023-10-07 00:26:52,558 [WARN] ConditionMgr:438 - getConditionDescription Invalid condition id : UX DEVICE CLASS RTOS Condition cause : null
2023-10-07 00:26:52,558 [WARN] ConditionMgr:438 - getConditionDescription Invalid condition id : UX DEVICE CLASS RTOS Condition cause : null
2023-10-07 00:26:52,563 [WARN] PackLoader:240 - Cannot read IP mode file for STMicroelectronics.X-CUBE-AZRTOS-H7.3.1.0
2023-10-07 00:26:52,565 [WARN] ConditionMgr:1039 - genDependencies : Invalid condition id : UX DEVICE CLASS RTOS Condition cause : null
2023-10-07 00:26:52,565 [WARN] ConditionMgr:1039 - genDependencies : Invalid condition id : UX DEVICE CLASS RTOS Condition cause : null
2023-10-07 00:26:52,566 [WARN] ConditionMgr:1039 - genDependencies : Invalid condition id : UX DEVICE CLASS RTOS Condition cause : null
2023-10-07 00:26:52,567 [WARN] ConditionMgr:1039 - genDependencies : Invalid condition id : UX DEVICE CLASS RTOS Condition cause : null
2023-10-07 00:26:52,567 [WARN] ConditionMgr:1039 - genDependencies : Invalid condition id : UX DEVICE CLASS RTOS Condition cause : null
2023-10-07 00:26:52,577 [WARN] PackLoader:240 - Cannot read IP mode file for STMicroelectronics.X-CUBE-NFC7.1.0.1
2023-10-07 00:26:52,589 [WARN] PackLoader:240 - Cannot read IP mode file for STMicroelectronics.X-CUBE-NFC6.3.0.0
2023-10-07 00:26:52,602 [WARN] PackLoader:240 - Cannot read IP mode file for STMicroelectronics.X-CUBE-EEPRMA1.4.1.0
2023-10-07 00:26:52,610 [WARN] PackLoader:240 - Cannot read IP mode file for STMicroelectronics.X-CUBE-AI.8.1.0
2023-10-07 00:26:52,647 [WARN] ConditionMgr:438 - getConditionDescription Invalid condition id : LAN8742 Phy interface Condition cause : null
2023-10-07 00:26:52,648 [WARN] PackLoader:240 - Cannot read IP mode file for STMicroelectronics.X-CUBE-AZRTOS-L4.2.0.0
2023-10-07 00:26:52,650 [WARN] ConditionMgr:1039 - genDependencies : Invalid condition id : LAN8742 Phy interface Condition cause : null
2023-10-07 00:26:52,650 [WARN] ConditionMgr:1039 - genDependencies : Invalid condition id : LAN8742 Phy interface Condition cause : null
2023-10-07 00:26:52,651 [WARN] ConditionMgr:1039 - genDependencies : Invalid condition id : LAN8742 Phy interface Condition cause : null
2023-10-07 00:26:52,664 [WARN] PackLoader:240 - Cannot read IP mode file for STMicroelectronics.X-CUBE-SFXS2LP1.4.0.0
2023-10-07 00:26:52,672 [WARN] PackLoader:240 - Cannot read IP mode file for STMicroelectronics.X-CUBE-ISPU.1.1.0
2023-10-07 00:26:52,701 [WARN] ConditionMgr:438 - getConditionDescription Invalid condition id : UX DEVICE CLASS RTOS Condition cause : null
2023-10-07 00:26:52,701 [WARN] ConditionMgr:438 - getConditionDescription Invalid condition id : UX DEVICE CLASS RTOS Condition cause : null
2023-10-07 00:26:52,705 [WARN] PackLoader:240 - Cannot read IP mode file for STMicroelectronics.X-CUBE-AZRTOS-WB.2.0.0
2023-10-07 00:26:52,706 [WARN] ConditionMgr:1039 - genDependencies : Invalid condition id : UX DEVICE CLASS RTOS Condition cause : null
2023-10-07 00:26:52,707 [WARN] ConditionMgr:1039 - genDependencies : Invalid condition id : UX DEVICE CLASS RTOS Condition cause : null
2023-10-07 00:26:52,708 [WARN] ConditionMgr:1039 - genDependencies : Invalid condition id : UX DEVICE CLASS RTOS Condition cause : null
2023-10-07 00:26:52,709 [WARN] ConditionMgr:1039 - genDependencies : Invalid condition id : UX DEVICE CLASS RTOS Condition cause : null
2023-10-07 00:26:52,709 [WARN] ConditionMgr:1039 - genDependencies : Invalid condition id : UX DEVICE CLASS RTOS Condition cause : null
2023-10-07 00:26:52,717 [WARN] PackLoader:240 - Cannot read IP mode file for STMicroelectronics.X-CUBE-FREERTOS.1.0.1
2023-10-07 00:26:52,734 [WARN] PackLoader:240 - Cannot read IP mode file for STMicroelectronics.X-CUBE-SUBG2.5.0.0
2023-10-07 00:26:52,761 [WARN] PackLoader:240 - Cannot read IP mode file for STMicroelectronics.X-CUBE-TOF1.3.3.1
2023-10-07 00:26:52,802 [WARN] PackLoader:240 - Cannot read IP mode file for STMicroelectronics.X-CUBE-AZRTOS-G4.2.0.0
2023-10-07 00:26:52,828 [WARN] PackLoader:240 - Cannot read IP mode file for Infineon.AIROC-Wi-Fi-Bluetooth-STM32.1.5.1
2023-10-07 00:26:52,844 [WARN] PackLoader:240 - Cannot read IP mode file for STMicroelectronics.X-CUBE-FREERTOS.1.1.0
2023-10-07 00:26:52,856 [WARN] PackLoader:240 - Cannot read IP mode file for portGmbH.I-Cube-SoM-uGOAL.1.1.0
2023-10-07 00:26:52,865 [WARN] PackLoader:240 - Cannot read IP mode file for STMicroelectronics.X-CUBE-ALS.1.0.1
2023-10-07 00:26:52,874 [WARN] PackLoader:240 - Cannot read IP mode file for STMicroelectronics.FP-ATR-ASTRA1.2.0.0
2023-10-07 00:26:52,878 [INFO] ThirdParty:978 - Integrity check success = true
2023-10-07 00:26:52,878 [INFO] IntegrityCheckThread:100 - exiting critical section [integrity check]
2023-10-07 00:26:52,878 [INFO] IntegrityCheckThread:103 - End integrity checks thread
2023-10-07 00:27:12,653 [ERROR] LogOutputStream:75 - [STDERR_REDIRECT] SLF4J: Failed to load class "org.slf4j.impl.StaticLoggerBinder".
2023-10-07 00:27:12,653 [ERROR] LogOutputStream:75 - [STDERR_REDIRECT] SLF4J: Defaulting to no-operation (NOP) logger implementation
2023-10-07 00:27:12,669 [ERROR] LogOutputStream:75 - [STDERR_REDIRECT] SLF4J: See http://www.slf4j.org/codes.html#StaticLoggerBinder for further details.
2023-10-07 00:27:24,582 [INFO] LogOutputStream:77 - [STDOUT_REDIRECT] Unexpected error loading extension: org.eclipse.equinox.p2.metadata.repository.compositeRepository
2023-10-07 00:27:24,582 [ERROR] LogOutputStream:75 - [STDERR_REDIRECT] java.lang.NullPointerException: Cannot enter synchronized block because "this.browseFileTransferProtocolMap" is null
2023-10-07 00:27:24,597 [ERROR] LogOutputStream:75 - [STDERR_REDIRECT] 	at org.eclipse.ecf.internal.provider.filetransfer.Activator.getBrowseFileTransfer(Activator.java:633)
2023-10-07 00:27:24,597 [ERROR] LogOutputStream:75 - [STDERR_REDIRECT] 	at org.eclipse.ecf.provider.filetransfer.browse.MultiProtocolFileSystemBrowserAdapter.sendBrowseRequest(MultiProtocolFileSystemBrowserAdapter.java:81)
2023-10-07 00:27:24,597 [ERROR] LogOutputStream:75 - [STDERR_REDIRECT] 	at org.eclipse.equinox.internal.p2.transport.ecf.FileInfoReader.sendBrowseRequest(FileInfoReader.java:184)
2023-10-07 00:27:24,613 [ERROR] LogOutputStream:75 - [STDERR_REDIRECT] 	at org.eclipse.equinox.internal.p2.transport.ecf.FileInfoReader.getRemoteFiles(FileInfoReader.java:109)
2023-10-07 00:27:24,613 [ERROR] LogOutputStream:75 - [STDERR_REDIRECT] 	at org.eclipse.equinox.internal.p2.transport.ecf.FileInfoReader.getRemoteFile(FileInfoReader.java:125)
2023-10-07 00:27:24,613 [ERROR] LogOutputStream:75 - [STDERR_REDIRECT] 	at org.eclipse.equinox.internal.p2.transport.ecf.FileInfoReader.getLastModified(FileInfoReader.java:130)
2023-10-07 00:27:24,613 [ERROR] LogOutputStream:75 - [STDERR_REDIRECT] 	at org.eclipse.equinox.internal.p2.transport.ecf.RepositoryTransport.getLastModified(RepositoryTransport.java:244)
2023-10-07 00:27:24,628 [ERROR] LogOutputStream:75 - [STDERR_REDIRECT] 	at org.eclipse.equinox.internal.p2.repository.CacheManager.getLastModified(CacheManager.java:289)
2023-10-07 00:27:24,628 [ERROR] LogOutputStream:75 - [STDERR_REDIRECT] 	at org.eclipse.equinox.internal.p2.repository.CacheManager.createCache(CacheManager.java:234)
2023-10-07 00:27:24,644 [ERROR] LogOutputStream:75 - [STDERR_REDIRECT] 	at org.eclipse.equinox.internal.p2.metadata.repository.CompositeMetadataRepositoryFactory.getLocalFile(CompositeMetadataRepositoryFactory.java:77)
2023-10-07 00:27:24,644 [ERROR] LogOutputStream:75 - [STDERR_REDIRECT] 	at org.eclipse.equinox.internal.p2.metadata.repository.CompositeMetadataRepositoryFactory.load(CompositeMetadataRepositoryFactory.java:100)
2023-10-07 00:27:24,644 [ERROR] LogOutputStream:75 - [STDERR_REDIRECT] 	at org.eclipse.equinox.internal.p2.metadata.repository.MetadataRepositoryManager.factoryLoad(MetadataRepositoryManager.java:63)
2023-10-07 00:27:24,659 [ERROR] LogOutputStream:75 - [STDERR_REDIRECT] 	at org.eclipse.equinox.internal.p2.repository.helpers.AbstractRepositoryManager.loadRepository(AbstractRepositoryManager.java:787)
2023-10-07 00:27:24,659 [ERROR] LogOutputStream:75 - [STDERR_REDIRECT] 	at org.eclipse.equinox.internal.p2.repository.helpers.AbstractRepositoryManager.loadRepository(AbstractRepositoryManager.java:685)
2023-10-07 00:27:24,659 [ERROR] LogOutputStream:75 - [STDERR_REDIRECT] 	at org.eclipse.equinox.internal.p2.metadata.repository.MetadataRepositoryManager.loadRepository(MetadataRepositoryManager.java:110)
2023-10-07 00:27:24,675 [ERROR] LogOutputStream:75 - [STDERR_REDIRECT] 	at org.eclipse.equinox.internal.p2.metadata.repository.MetadataRepositoryManager.loadRepository(MetadataRepositoryManager.java:105)
2023-10-07 00:27:24,675 [ERROR] LogOutputStream:75 - [STDERR_REDIRECT] 	at org.eclipse.equinox.internal.p2.updatechecker.UpdateChecker.getAvailableRepositories(UpdateChecker.java:152)
2023-10-07 00:27:24,682 [ERROR] LogOutputStream:75 - [STDERR_REDIRECT] 	at org.eclipse.equinox.internal.p2.updatechecker.UpdateChecker.checkForUpdates(UpdateChecker.java:130)
2023-10-07 00:27:24,682 [ERROR] LogOutputStream:75 - [STDERR_REDIRECT] 	at org.eclipse.equinox.internal.p2.updatechecker.UpdateChecker$UpdateCheckThread.run(UpdateChecker.java:78)
2023-10-07 13:39:41,940 [INFO] Activator:176 - 


2023-10-07 13:39:41,946 [INFO] Activator:177 - !SESSION log4j initialized
2023-10-07 13:39:56,522 [INFO] LogOutputStream:77 - [STDOUT_REDIRECT] 
2023-10-07 13:40:00,692 [INFO] ApplicationProperties:184 - Using Application install path: C:\ST\STM32CubeIDE_1.13.1\STM32CubeIDE\plugins\com.st.stm32cube.common.mx_6.9.1.202307191849
2023-10-07 13:40:00,736 [INFO] DbMcusXml:78 - Set database path to: C:\ST\STM32CubeIDE_1.13.1\STM32CubeIDE\plugins\com.st.stm32cube.common.mx_6.9.1.202307191849\\db\/mcu/
2023-10-07 13:40:00,737 [INFO] ApiDb:274 - Set plugin database path to: C:\ST\STM32CubeIDE_1.13.1\STM32CubeIDE\plugins\com.st.stm32cube.common.mx_6.9.1.202307191849\\db\/plugins/boardmanager/
2023-10-07 13:40:00,737 [WARN] ApiDb:259 - Overriding images path with different value:  => C:\ST\STM32CubeIDE_1.13.1\STM32CubeIDE\plugins\com.st.stm32cube.common.mx_6.9.1.202307191849\\db\/plugins/mcufinder/images/
2023-10-07 13:40:00,764 [INFO] ApiDb:250 - Set database path to: C:\Users\yaomi\.stmcufinder\plugins\mcufinder//mcu/
2023-10-07 13:40:00,767 [INFO] DbMcusAds:125 - Set database path to: C:\Users\yaomi\.stmcufinder\plugins\mcufinder//mcu/
2023-10-07 13:40:00,771 [INFO] CrossReferenceDbSqlite:203 - Set database path to: C:\Users\yaomi\.stmcufinder\plugins\mcufinder//mcu/cs/
2023-10-07 13:40:01,063 [INFO] RulesReader:64 - Compatibility file has been processed (293 Rules)
2023-10-07 13:40:01,361 [INFO] DbMcusXml:78 - Set database path to: C:\ST\STM32CubeIDE_1.13.1\STM32CubeIDE\plugins\com.st.stm32cube.common.mx_6.9.1.202307191849\\db\/mcu/
2023-10-07 13:40:01,362 [INFO] ApiDb:274 - Set plugin database path to: C:\ST\STM32CubeIDE_1.13.1\STM32CubeIDE\plugins\com.st.stm32cube.common.mx_6.9.1.202307191849\\db\/plugins/boardmanager/
2023-10-07 13:40:01,362 [INFO] ApiDb:261 - Set plugin images path to: C:\ST\STM32CubeIDE_1.13.1\STM32CubeIDE\plugins\com.st.stm32cube.common.mx_6.9.1.202307191849\\db\/plugins/mcufinder/images/
2023-10-07 13:40:01,363 [WARN] DbFile:41 - Overriding database path with different value: C:\Users\yaomi\.stmcufinder\plugins\mcufinder/ => C:\Users\yaomi\.stmcufinder\plugins\mcufinder
2023-10-07 13:40:01,363 [INFO] ApiDb:250 - Set database path to: C:\Users\yaomi\.stmcufinder\plugins\mcufinder//mcu/
2023-10-07 13:40:01,364 [WARN] DbFile:41 - Overriding database path with different value: C:\Users\yaomi\.stmcufinder\plugins\mcufinder/ => C:\Users\yaomi\.stmcufinder\plugins\mcufinder
2023-10-07 13:40:01,364 [INFO] DbMcusAds:125 - Set database path to: C:\Users\yaomi\.stmcufinder\plugins\mcufinder//mcu/
2023-10-07 13:40:01,364 [WARN] DbFile:41 - Overriding database path with different value: C:\Users\yaomi\.stmcufinder\plugins\mcufinder/ => C:\Users\yaomi\.stmcufinder\plugins\mcufinder
2023-10-07 13:40:01,364 [WARN] DbFile:41 - Overriding database path with different value: C:\Users\yaomi\.stmcufinder\plugins\mcufinder/ => C:\Users\yaomi\.stmcufinder\plugins\mcufinder
2023-10-07 13:40:01,364 [INFO] CrossReferenceDbSqlite:203 - Set database path to: C:\Users\yaomi\.stmcufinder\plugins\mcufinder//mcu/cs/
2023-10-07 13:40:01,569 [INFO] MainPanel:262 - HeapMemory: 268435456
2023-10-07 13:40:01,790 [INFO] DbMcusXml:78 - Set database path to: C:\ST\STM32CubeIDE_1.13.1\STM32CubeIDE\plugins\com.st.stm32cube.common.mx_6.9.1.202307191849\\db\/mcu/
2023-10-07 13:40:01,790 [INFO] ApiDb:274 - Set plugin database path to: C:\ST\STM32CubeIDE_1.13.1\STM32CubeIDE\plugins\com.st.stm32cube.common.mx_6.9.1.202307191849\\db\/plugins/boardmanager/
2023-10-07 13:40:01,790 [INFO] ApiDb:261 - Set plugin images path to: C:\ST\STM32CubeIDE_1.13.1\STM32CubeIDE\plugins\com.st.stm32cube.common.mx_6.9.1.202307191849\\db\/plugins/mcufinder/images/
2023-10-07 13:40:01,791 [WARN] DbFile:41 - Overriding database path with different value: C:\Users\yaomi\.stmcufinder\plugins\mcufinder/ => C:\Users\yaomi\.stmcufinder\plugins\mcufinder
2023-10-07 13:40:01,792 [INFO] ApiDb:250 - Set database path to: C:\Users\yaomi\.stmcufinder\plugins\mcufinder//mcu/
2023-10-07 13:40:01,792 [WARN] DbFile:41 - Overriding database path with different value: C:\Users\yaomi\.stmcufinder\plugins\mcufinder/ => C:\Users\yaomi\.stmcufinder\plugins\mcufinder
2023-10-07 13:40:01,792 [INFO] DbMcusAds:125 - Set database path to: C:\Users\yaomi\.stmcufinder\plugins\mcufinder//mcu/
2023-10-07 13:40:01,793 [WARN] DbFile:41 - Overriding database path with different value: C:\Users\yaomi\.stmcufinder\plugins\mcufinder/ => C:\Users\yaomi\.stmcufinder\plugins\mcufinder
2023-10-07 13:40:01,793 [WARN] DbFile:41 - Overriding database path with different value: C:\Users\yaomi\.stmcufinder\plugins\mcufinder/ => C:\Users\yaomi\.stmcufinder\plugins\mcufinder
2023-10-07 13:40:01,793 [INFO] CrossReferenceDbSqlite:203 - Set database path to: C:\Users\yaomi\.stmcufinder\plugins\mcufinder//mcu/cs/
2023-10-07 13:40:01,838 [INFO] ApplicationProperties:184 - Using Application install path: C:\ST\STM32CubeIDE_1.13.1\STM32CubeIDE\plugins\com.st.stm32cube.common.mx_6.9.1.202307191849
2023-10-07 13:40:01,841 [INFO] PluginManage:196 - Search for loadable plugins [exclusion list=, ]
2023-10-07 13:40:01,844 [INFO] PluginManage:310 - Check plugin analytics
2023-10-07 13:40:02,279 [INFO] AnalyticsPlugin:253 - Accepted Software Licenses: 
2023-10-07 13:40:02,279 [INFO] AnalyticsPlugin:255 - Accepted CMSIS Pack Licenses: 
2023-10-07 13:40:02,280 [INFO] AnalyticsPlugin:257 - Accepted Firmware Licenses: FW.F4.1.27.0
2023-10-07 13:40:02,291 [INFO] PluginManage:359 - Loaded plugin analytics (category:tool,tabindex:-1)
2023-10-07 13:40:02,293 [INFO] PluginManage:310 - Check plugin cadmodel
2023-10-07 13:40:02,322 [INFO] CADModel:105 - Init CAD model plugin
2023-10-07 13:40:02,323 [INFO] PluginManage:359 - Loaded plugin cadmodel (category:power,tabindex:5)
2023-10-07 13:40:02,323 [INFO] PluginManage:310 - Check plugin clock
2023-10-07 13:40:02,367 [INFO] PluginManage:359 - Loaded plugin clock (category:base,tabindex:2)
2023-10-07 13:40:02,368 [INFO] PluginManage:310 - Check plugin ddr
2023-10-07 13:40:02,373 [INFO] PluginManage:359 - Loaded plugin ddr (category:tool,tabindex:6)
2023-10-07 13:40:02,373 [INFO] PluginManage:310 - Check plugin filemanager
2023-10-07 13:40:02,696 [INFO] PluginManage:359 - Loaded plugin filemanager (category:base,tabindex:10)
2023-10-07 13:40:02,696 [INFO] PluginManage:310 - Check plugin ipmanager
2023-10-07 13:40:02,712 [INFO] PluginManage:359 - Loaded plugin ipmanager (category:base,tabindex:5)
2023-10-07 13:40:02,714 [INFO] PluginManage:310 - Check plugin lpbam
2023-10-07 13:40:02,753 [INFO] PluginManage:359 - Loaded plugin lpbam (category:base,tabindex:0)
2023-10-07 13:40:02,753 [INFO] PluginManage:310 - Check plugin memorymap
2023-10-07 13:40:02,803 [INFO] PluginManage:359 - Loaded plugin memorymap (category:base,tabindex:4)
2023-10-07 13:40:02,804 [INFO] PluginManage:310 - Check plugin pinoutandconfiguration
2023-10-07 13:40:02,838 [INFO] PluginManage:359 - Loaded plugin pinoutandconfiguration (category:base,tabindex:1)
2023-10-07 13:40:02,838 [INFO] PluginManage:310 - Check plugin pinoutconfig
2023-10-07 13:40:03,048 [WARN] SupportedApi:132 - Cannot load RTOS API schema: s4s-elt-must-match.1: The content of 'definitions' must match (annotation?, (simpleType | complexType)?, (unique | key | keyref)*)). A problem was found starting at: attribute.
2023-10-07 13:40:03,363 [INFO] PluginManage:359 - Loaded plugin pinoutconfig (category:base,tabindex:0)
2023-10-07 13:40:03,363 [INFO] PluginManage:310 - Check plugin power
2023-10-07 13:40:03,407 [INFO] PluginManage:359 - Loaded plugin power (category:power,tabindex:4)
2023-10-07 13:40:03,408 [INFO] PluginManage:310 - Check plugin projectmanager
2023-10-07 13:40:03,443 [INFO] PluginManage:359 - Loaded plugin projectmanager (category:projectmanager,tabindex:3)
2023-10-07 13:40:03,444 [INFO] PluginManage:310 - Check plugin thirdparty
2023-10-07 13:40:04,001 [WARN] IntegrityCheckThread:84 - waiting for thirdparty lock release [integrity check]
2023-10-07 13:40:04,001 [INFO] IntegrityCheckThread:86 - entering critical section [integrity check]
2023-10-07 13:40:04,002 [INFO] PluginManage:359 - Loaded plugin thirdparty (category:base,tabindex:-1)
2023-10-07 13:40:04,002 [INFO] ThirdPartyUpdaterWithRetryManager:70 - Updater plugin not ready yet. [1/15]
2023-10-07 13:40:04,002 [INFO] PluginManage:310 - Check plugin tools
2023-10-07 13:40:04,064 [INFO] PluginManage:359 - Loaded plugin tools (category:base,tabindex:7)
2023-10-07 13:40:04,064 [INFO] PluginManage:310 - Check plugin tutovideos
2023-10-07 13:40:04,504 [INFO] PluginManage:359 - Loaded plugin tutovideos (category:base,tabindex:-1)
2023-10-07 13:40:04,505 [INFO] PluginManage:310 - Check plugin updater
2023-10-07 13:40:04,532 [INFO] PluginManage:359 - Loaded plugin updater (category:base,tabindex:12)
2023-10-07 13:40:04,532 [INFO] PluginManage:310 - Check plugin userauth
2023-10-07 13:40:04,545 [INFO] UserAuth:113 - Init User Auth plugin
2023-10-07 13:40:04,545 [INFO] PluginManage:359 - Loaded plugin userauth (category:base,tabindex:14)
2023-10-07 13:40:04,546 [INFO] PluginManage:283 - PluginManage : Loaded plugins [17]
2023-10-07 13:40:05,065 [INFO] PinOutPanel:1499 - setPackage(No Configuration,No Configuration)
2023-10-07 13:40:05,289 [INFO] CADModel:165 - CPN selected for project level
2023-10-07 13:40:05,290 [INFO] CADModel:114 - Register for checkConnection events
2023-10-07 13:40:05,339 [INFO] IPUIPlugin:80 - create IPUIPlugin
2023-10-07 13:40:05,339 [INFO] PluginManager:220 - loadIPPluginJar : add adc
2023-10-07 13:40:05,413 [INFO] IPUIPlugin:80 - create IPUIPlugin
2023-10-07 13:40:05,413 [INFO] PluginManager:220 - loadIPPluginJar : add aes
2023-10-07 13:40:05,498 [INFO] IPUIPlugin:80 - create IPUIPlugin
2023-10-07 13:40:05,498 [INFO] PluginManager:220 - loadIPPluginJar : add can
2023-10-07 13:40:05,540 [INFO] IPUIPlugin:80 - create IPUIPlugin
2023-10-07 13:40:05,540 [INFO] PluginManager:220 - loadIPPluginJar : add comp
2023-10-07 13:40:05,613 [INFO] IPUIPlugin:80 - create IPUIPlugin
2023-10-07 13:40:05,613 [INFO] PluginManager:220 - loadIPPluginJar : add cryp
2023-10-07 13:40:05,673 [INFO] IPUIPlugin:80 - create IPUIPlugin
2023-10-07 13:40:05,673 [INFO] PluginManager:220 - loadIPPluginJar : add dfsdm
2023-10-07 13:40:05,701 [INFO] IPUIPlugin:80 - create IPUIPlugin
2023-10-07 13:40:05,703 [INFO] PluginManager:220 - loadIPPluginJar : add dma
2023-10-07 13:40:05,796 [INFO] IPUIPlugin:80 - create IPUIPlugin
2023-10-07 13:40:05,796 [INFO] PluginManager:220 - loadIPPluginJar : add dma3
2023-10-07 13:40:05,836 [INFO] IPUIPlugin:80 - create IPUIPlugin
2023-10-07 13:40:05,836 [INFO] PluginManager:220 - loadIPPluginJar : add fatfs
2023-10-07 13:40:05,937 [INFO] IPUIPlugin:80 - create IPUIPlugin
2023-10-07 13:40:05,938 [INFO] PluginManager:220 - loadIPPluginJar : add fmc
2023-10-07 13:40:05,967 [INFO] IPUIPlugin:80 - create IPUIPlugin
2023-10-07 13:40:05,967 [INFO] PluginManager:220 - loadIPPluginJar : add freertos
2023-10-07 13:40:06,011 [INFO] IPUIPlugin:80 - create IPUIPlugin
2023-10-07 13:40:06,011 [INFO] PluginManager:220 - loadIPPluginJar : add genericplugin
2023-10-07 13:40:06,228 [INFO] IPUIPlugin:80 - create IPUIPlugin
2023-10-07 13:40:06,228 [INFO] PluginManager:220 - loadIPPluginJar : add gfxmmu
2023-10-07 13:40:06,482 [INFO] IPUIPlugin:80 - create IPUIPlugin
2023-10-07 13:40:06,483 [INFO] PluginManager:220 - loadIPPluginJar : add gic
2023-10-07 13:40:06,506 [INFO] IPUIPlugin:80 - create IPUIPlugin
2023-10-07 13:40:06,507 [INFO] PluginManager:220 - loadIPPluginJar : add gpio
2023-10-07 13:40:06,682 [INFO] IPUIPlugin:80 - create IPUIPlugin
2023-10-07 13:40:06,682 [INFO] PluginManager:220 - loadIPPluginJar : add gtzc
2023-10-07 13:40:06,747 [INFO] IPUIPlugin:80 - create IPUIPlugin
2023-10-07 13:40:06,748 [INFO] PluginManager:220 - loadIPPluginJar : add hash
2023-10-07 13:40:06,849 [INFO] IPUIPlugin:80 - create IPUIPlugin
2023-10-07 13:40:06,849 [INFO] PluginManager:220 - loadIPPluginJar : add i2c
2023-10-07 13:40:06,930 [INFO] IPUIPlugin:80 - create IPUIPlugin
2023-10-07 13:40:06,930 [INFO] PluginManager:220 - loadIPPluginJar : add i2s
2023-10-07 13:40:07,003 [INFO] ThirdPartyUpdaterWithRetryManager:70 - Updater plugin not ready yet. [2/15]
2023-10-07 13:40:07,014 [INFO] IPUIPlugin:80 - create IPUIPlugin
2023-10-07 13:40:07,014 [INFO] PluginManager:220 - loadIPPluginJar : add i3c
2023-10-07 13:40:07,208 [INFO] IPUIPlugin:80 - create IPUIPlugin
2023-10-07 13:40:07,209 [INFO] PluginManager:220 - loadIPPluginJar : add ipddr
2023-10-07 13:40:07,387 [INFO] IPUIPlugin:80 - create IPUIPlugin
2023-10-07 13:40:07,388 [INFO] PluginManager:220 - loadIPPluginJar : add linkedlist
2023-10-07 13:40:07,458 [INFO] IPUIPlugin:80 - create IPUIPlugin
2023-10-07 13:40:07,459 [INFO] PluginManager:220 - loadIPPluginJar : add lorawan
2023-10-07 13:40:07,527 [INFO] IPUIPlugin:80 - create IPUIPlugin
2023-10-07 13:40:07,527 [INFO] PluginManager:220 - loadIPPluginJar : add ltdc
2023-10-07 13:40:07,554 [INFO] IPUIPlugin:80 - create IPUIPlugin
2023-10-07 13:40:07,555 [INFO] PluginManager:220 - loadIPPluginJar : add mdma
2023-10-07 13:40:07,579 [INFO] IPUIPlugin:80 - create IPUIPlugin
2023-10-07 13:40:07,579 [INFO] PluginManager:220 - loadIPPluginJar : add nvic
2023-10-07 13:40:07,649 [INFO] IPUIPlugin:80 - create IPUIPlugin
2023-10-07 13:40:07,649 [INFO] PluginManager:220 - loadIPPluginJar : add opamp
2023-10-07 13:40:07,765 [INFO] IPUIPlugin:80 - create IPUIPlugin
2023-10-07 13:40:07,767 [INFO] PluginManager:220 - loadIPPluginJar : add openamp
2023-10-07 13:40:07,850 [INFO] IPUIPlugin:80 - create IPUIPlugin
2023-10-07 13:40:07,851 [INFO] PluginManager:220 - loadIPPluginJar : add pdm2pcm
2023-10-07 13:40:07,877 [INFO] IPUIPlugin:80 - create IPUIPlugin
2023-10-07 13:40:07,882 [INFO] PluginManager:220 - loadIPPluginJar : add plateformsettings
2023-10-07 13:40:07,961 [INFO] IPUIPlugin:80 - create IPUIPlugin
2023-10-07 13:40:07,961 [INFO] PluginManager:220 - loadIPPluginJar : add quadspi
2023-10-07 13:40:07,982 [INFO] IPUIPlugin:80 - create IPUIPlugin
2023-10-07 13:40:07,982 [INFO] PluginManager:220 - loadIPPluginJar : add resmgrutility
2023-10-07 13:40:08,072 [INFO] IPUIPlugin:80 - create IPUIPlugin
2023-10-07 13:40:08,072 [INFO] PluginManager:220 - loadIPPluginJar : add sai
2023-10-07 13:40:08,137 [INFO] IPUIPlugin:80 - create IPUIPlugin
2023-10-07 13:40:08,137 [INFO] PluginManager:220 - loadIPPluginJar : add spi
2023-10-07 13:40:08,239 [INFO] IPUIPlugin:80 - create IPUIPlugin
2023-10-07 13:40:08,240 [INFO] PluginManager:220 - loadIPPluginJar : add stm32_wpan
2023-10-07 13:40:08,284 [INFO] IPUIPlugin:80 - create IPUIPlugin
2023-10-07 13:40:08,284 [INFO] PluginManager:220 - loadIPPluginJar : add tim
2023-10-07 13:40:08,404 [INFO] IPUIPlugin:80 - create IPUIPlugin
2023-10-07 13:40:08,404 [INFO] PluginManager:220 - loadIPPluginJar : add touchsensing
2023-10-07 13:40:08,451 [INFO] IPUIPlugin:80 - create IPUIPlugin
2023-10-07 13:40:08,451 [INFO] PluginManager:220 - loadIPPluginJar : add tracer_emb
2023-10-07 13:40:08,498 [INFO] IPUIPlugin:80 - create IPUIPlugin
2023-10-07 13:40:08,498 [INFO] PluginManager:220 - loadIPPluginJar : add ts
2023-10-07 13:40:08,536 [INFO] IPUIPlugin:80 - create IPUIPlugin
2023-10-07 13:40:08,536 [INFO] PluginManager:220 - loadIPPluginJar : add tsc
2023-10-07 13:40:08,582 [INFO] IPUIPlugin:80 - create IPUIPlugin
2023-10-07 13:40:08,582 [INFO] PluginManager:220 - loadIPPluginJar : add ucpd
2023-10-07 13:40:08,676 [INFO] IPUIPlugin:80 - create IPUIPlugin
2023-10-07 13:40:08,676 [INFO] PluginManager:220 - loadIPPluginJar : add usart
2023-10-07 13:40:08,769 [INFO] IPUIPlugin:80 - create IPUIPlugin
2023-10-07 13:40:08,769 [INFO] PluginManager:220 - loadIPPluginJar : add usbx
2023-10-07 13:40:08,979 [INFO] CADModel:165 - CPN selected for project level
2023-10-07 13:40:08,979 [INFO] CADModel:114 - Register for checkConnection events
2023-10-07 13:40:08,979 [FATAL] Updater:308 - Updater called before beeing initialized
2023-10-07 13:40:08,980 [ERROR] CADModel:125 - Updater not yet initialized, retry later 
2023-10-07 13:40:09,384 [INFO] CADModel:165 - CPN selected for project level
2023-10-07 13:40:09,384 [INFO] CADModel:114 - Register for checkConnection events
2023-10-07 13:40:09,385 [FATAL] Updater:308 - Updater called before beeing initialized
2023-10-07 13:40:09,385 [ERROR] CADModel:125 - Updater not yet initialized, retry later 
2023-10-07 13:40:09,393 [FATAL] Updater:308 - Updater called before beeing initialized
2023-10-07 13:40:09,674 [FATAL] Updater:308 - Updater called before beeing initialized
2023-10-07 13:40:09,696 [INFO] DbMcusAds:53 - JSON generation date=Tue Mar 07 16:50:55 SGT 2023 (1678179055114)
2023-10-07 13:40:09,697 [FATAL] Updater:308 - Updater called before beeing initialized
2023-10-07 13:40:09,806 [WARN] DetailPanel:346 - Failed to get advertising image, set to default
2023-10-07 13:40:10,006 [INFO] ThirdPartyUpdaterWithRetryManager:70 - Updater plugin not ready yet. [3/15]
2023-10-07 13:40:10,033 [FATAL] Updater:308 - Updater called before beeing initialized
2023-10-07 13:40:10,037 [FATAL] Updater:308 - Updater called before beeing initialized
2023-10-07 13:40:10,038 [FATAL] Updater:308 - Updater called before beeing initialized
2023-10-07 13:40:10,038 [WARN] DetailPanel:346 - Failed to get advertising image, set to default
2023-10-07 13:40:10,039 [FATAL] Updater:308 - Updater called before beeing initialized
2023-10-07 13:40:10,176 [ERROR] Updater:1120 - MainUpdater not yet initialized. External WinMGr cannot be set.
2023-10-07 13:40:10,194 [INFO] Updater:1056 - Updater Version found : 6.9.1
2023-10-07 13:40:10,237 [INFO] ApplicationProperties:184 - Using Application install path: C:\ST\STM32CubeIDE_1.13.1\STM32CubeIDE\plugins\com.st.stm32cube.common.mx_6.9.1.202307191849
2023-10-07 13:40:10,595 [INFO] MainUpdater:2868 - connection check result : 10
2023-10-07 13:40:10,597 [INFO] MainUpdater:285 - Updater Check For Update Now.
2023-10-07 13:40:10,598 [INFO] MicroXplorer:498 - Change Database Version : DB.6.0.91
2023-10-07 13:40:10,648 [INFO] McuFinderGlobals:63 - Set McuFinder mode to 2 (CubeIDE integrated)
2023-10-07 13:40:10,987 [INFO] CheckServerUpdateThread:120 - End of CheckServer Thread
2023-10-07 13:40:13,403 [WARN] PackLoader:240 - Cannot read IP mode file for STMicroelectronics.X-CUBE-SMBUS.2.1.0
2023-10-07 13:40:13,521 [WARN] PackLoader:240 - Cannot read IP mode file for STMicroelectronics.X-CUBE-AZRTOS-F7.1.1.0
2023-10-07 13:40:13,567 [WARN] PackLoader:240 - Cannot read IP mode file for STMicroelectronics.FP-SNS-MOTENV1.4.3.2
2023-10-07 13:40:13,597 [WARN] PackLoader:240 - Cannot read IP mode file for STMicroelectronics.FP-SNS-FLIGHT1.5.0.2
2023-10-07 13:40:13,638 [WARN] PackLoader:240 - Cannot read IP mode file for STMicroelectronics.X-CUBE-DISPLAY.3.0.0
2023-10-07 13:40:13,693 [WARN] PackLoader:240 - Cannot read IP mode file for STMicroelectronics.X-CUBE-BLE1.7.0.0
2023-10-07 13:40:13,723 [WARN] PackLoader:240 - Cannot read IP mode file for emotas.I-CUBE-CANOPEN.1.3.0
2023-10-07 13:40:13,759 [WARN] PackLoader:240 - Cannot read IP mode file for STMicroelectronics.X-CUBE-TOUCHGFX.4.22.0
2023-10-07 13:40:13,782 [WARN] PackLoader:240 - Cannot read IP mode file for STMicroelectronics.X-CUBE-TOUCHGFX.4.22.1
2023-10-07 13:40:13,806 [WARN] PackLoader:240 - Cannot read IP mode file for STMicroelectronics.FP-SNS-SMARTAG2.1.2.0
2023-10-07 13:40:13,861 [INFO] LogOutputStream:77 - [STDOUT_REDIRECT] 1 : Invalid condition id : UX_CORESTACK_Condition cause : null
2023-10-07 13:40:13,864 [INFO] LogOutputStream:77 - [STDOUT_REDIRECT] 1 : Invalid condition id : UX_CORESTACK_Condition cause : null
2023-10-07 13:40:13,868 [INFO] LogOutputStream:77 - [STDOUT_REDIRECT] 1 : Invalid condition id : UX_CORESTACK_Condition cause : null
2023-10-07 13:40:13,872 [INFO] LogOutputStream:77 - [STDOUT_REDIRECT] 1 : Invalid condition id : UX_CORESTACK_Condition cause : null
2023-10-07 13:40:13,875 [INFO] LogOutputStream:77 - [STDOUT_REDIRECT] 1 : Invalid condition id : UX_CORESTACK_Condition cause : null
2023-10-07 13:40:13,884 [WARN] PackLoader:240 - Cannot read IP mode file for STMicroelectronics.X-CUBE-AZRTOS-WL.2.0.0
2023-10-07 13:40:13,924 [WARN] PackLoader:240 - Cannot read IP mode file for WES.I-CUBE-Cesium.1.3.0
2023-10-07 13:40:13,951 [WARN] PackLoader:240 - Cannot read IP mode file for STMicroelectronics.X-CUBE-BLE2.3.3.0
2023-10-07 13:40:13,980 [WARN] PackLoader:240 - Cannot read IP mode file for STMicroelectronics.X-CUBE-ALGOBUILD.1.3.0
2023-10-07 13:40:14,043 [WARN] PackLoader:240 - Cannot read IP mode file for STMicroelectronics.X-CUBE-AZRTOS-G0.1.1.0
2023-10-07 13:40:14,075 [WARN] PackLoader:240 - Cannot read IP mode file for STMicroelectronics.X-CUBE-NFC4.3.0.0
2023-10-07 13:40:14,100 [WARN] PackLoader:240 - Cannot read IP mode file for STMicroelectronics.FP-ATR-SIGFOX1.3.2.0
2023-10-07 13:40:14,180 [WARN] PackLoader:240 - Cannot read IP mode file for SEGGER.I-CUBE-embOS.1.3.1
2023-10-07 13:40:14,279 [WARN] PackLoader:240 - Cannot read IP mode file for STMicroelectronics.X-CUBE-GNSS1.6.0.0
2023-10-07 13:40:14,330 [WARN] PackLoader:240 - Cannot read IP mode file for STMicroelectronics.X-CUBE-AZRTOS-F4.1.1.0
2023-10-07 13:40:14,356 [WARN] PackLoader:240 - Cannot read IP mode file for wolfSSL.I-CUBE-wolfSSL.5.6.3
2023-10-07 13:40:14,408 [WARN] PackLoader:240 - Cannot read IP mode file for STMicroelectronics.X-CUBE-AZRTOS-L5.2.0.0
2023-10-07 13:40:14,503 [WARN] PackLoader:240 - Cannot read IP mode file for STMicroelectronics.X-CUBE-MEMS1.9.6.0
2023-10-07 13:40:14,945 [WARN] PackLoader:240 - Cannot read IP mode file for ITTIA_DB.I-CUBE-ITTIADB.8.8.0
2023-10-07 13:40:14,969 [WARN] PackLoader:240 - Cannot read IP mode file for STMicroelectronics.X-CUBE-BLEMGR.2.0.0
2023-10-07 13:40:15,017 [WARN] ConditionMgr:438 - getConditionDescription Invalid condition id : UX DEVICE CLASS RTOS Condition cause : null
2023-10-07 13:40:15,018 [WARN] ConditionMgr:438 - getConditionDescription Invalid condition id : UX DEVICE CLASS RTOS Condition cause : null
2023-10-07 13:40:15,022 [WARN] PackLoader:240 - Cannot read IP mode file for STMicroelectronics.X-CUBE-AZRTOS-H7.3.1.0
2023-10-07 13:40:15,024 [WARN] ConditionMgr:1039 - genDependencies : Invalid condition id : UX DEVICE CLASS RTOS Condition cause : null
2023-10-07 13:40:15,024 [WARN] ConditionMgr:1039 - genDependencies : Invalid condition id : UX DEVICE CLASS RTOS Condition cause : null
2023-10-07 13:40:15,026 [WARN] ConditionMgr:1039 - genDependencies : Invalid condition id : UX DEVICE CLASS RTOS Condition cause : null
2023-10-07 13:40:15,026 [WARN] ConditionMgr:1039 - genDependencies : Invalid condition id : UX DEVICE CLASS RTOS Condition cause : null
2023-10-07 13:40:15,027 [WARN] ConditionMgr:1039 - genDependencies : Invalid condition id : UX DEVICE CLASS RTOS Condition cause : null
2023-10-07 13:40:15,051 [WARN] PackLoader:240 - Cannot read IP mode file for STMicroelectronics.X-CUBE-NFC7.1.0.1
2023-10-07 13:40:15,079 [WARN] PackLoader:240 - Cannot read IP mode file for STMicroelectronics.X-CUBE-NFC6.3.0.0
2023-10-07 13:40:15,109 [WARN] PackLoader:240 - Cannot read IP mode file for STMicroelectronics.X-CUBE-EEPRMA1.4.1.0
2023-10-07 13:40:15,134 [WARN] PackLoader:240 - Cannot read IP mode file for STMicroelectronics.X-CUBE-AI.8.1.0
2023-10-07 13:40:15,200 [WARN] ConditionMgr:438 - getConditionDescription Invalid condition id : LAN8742 Phy interface Condition cause : null
2023-10-07 13:40:15,201 [WARN] PackLoader:240 - Cannot read IP mode file for STMicroelectronics.X-CUBE-AZRTOS-L4.2.0.0
2023-10-07 13:40:15,204 [WARN] ConditionMgr:1039 - genDependencies : Invalid condition id : LAN8742 Phy interface Condition cause : null
2023-10-07 13:40:15,205 [WARN] ConditionMgr:1039 - genDependencies : Invalid condition id : LAN8742 Phy interface Condition cause : null
2023-10-07 13:40:15,206 [WARN] ConditionMgr:1039 - genDependencies : Invalid condition id : LAN8742 Phy interface Condition cause : null
2023-10-07 13:40:15,231 [WARN] PackLoader:240 - Cannot read IP mode file for STMicroelectronics.X-CUBE-SFXS2LP1.4.0.0
2023-10-07 13:40:15,252 [WARN] PackLoader:240 - Cannot read IP mode file for STMicroelectronics.X-CUBE-ISPU.1.1.0
2023-10-07 13:40:15,302 [WARN] ConditionMgr:438 - getConditionDescription Invalid condition id : UX DEVICE CLASS RTOS Condition cause : null
2023-10-07 13:40:15,302 [WARN] ConditionMgr:438 - getConditionDescription Invalid condition id : UX DEVICE CLASS RTOS Condition cause : null
2023-10-07 13:40:15,314 [WARN] PackLoader:240 - Cannot read IP mode file for STMicroelectronics.X-CUBE-AZRTOS-WB.2.0.0
2023-10-07 13:40:15,315 [WARN] ConditionMgr:1039 - genDependencies : Invalid condition id : UX DEVICE CLASS RTOS Condition cause : null
2023-10-07 13:40:15,316 [WARN] ConditionMgr:1039 - genDependencies : Invalid condition id : UX DEVICE CLASS RTOS Condition cause : null
2023-10-07 13:40:15,317 [WARN] ConditionMgr:1039 - genDependencies : Invalid condition id : UX DEVICE CLASS RTOS Condition cause : null
2023-10-07 13:40:15,318 [WARN] ConditionMgr:1039 - genDependencies : Invalid condition id : UX DEVICE CLASS RTOS Condition cause : null
2023-10-07 13:40:15,318 [WARN] ConditionMgr:1039 - genDependencies : Invalid condition id : UX DEVICE CLASS RTOS Condition cause : null
2023-10-07 13:40:15,343 [WARN] PackLoader:240 - Cannot read IP mode file for STMicroelectronics.X-CUBE-FREERTOS.1.0.1
2023-10-07 13:40:15,378 [WARN] PackLoader:240 - Cannot read IP mode file for STMicroelectronics.X-CUBE-SUBG2.5.0.0
2023-10-07 13:40:15,417 [WARN] PackLoader:240 - Cannot read IP mode file for STMicroelectronics.X-CUBE-TOF1.3.3.1
2023-10-07 13:40:15,469 [WARN] PackLoader:240 - Cannot read IP mode file for STMicroelectronics.X-CUBE-AZRTOS-G4.2.0.0
2023-10-07 13:40:15,515 [WARN] PackLoader:240 - Cannot read IP mode file for Infineon.AIROC-Wi-Fi-Bluetooth-STM32.1.5.1
2023-10-07 13:40:15,540 [WARN] PackLoader:240 - Cannot read IP mode file for STMicroelectronics.X-CUBE-FREERTOS.1.1.0
2023-10-07 13:40:15,562 [WARN] PackLoader:240 - Cannot read IP mode file for portGmbH.I-Cube-SoM-uGOAL.1.1.0
2023-10-07 13:40:15,585 [WARN] PackLoader:240 - Cannot read IP mode file for STMicroelectronics.X-CUBE-ALS.1.0.1
2023-10-07 13:40:15,603 [WARN] PackLoader:240 - Cannot read IP mode file for STMicroelectronics.FP-ATR-ASTRA1.2.0.0
2023-10-07 13:40:15,607 [INFO] ThirdParty:978 - Integrity check success = true
2023-10-07 13:40:15,607 [INFO] IntegrityCheckThread:100 - exiting critical section [integrity check]
2023-10-07 13:40:15,607 [INFO] IntegrityCheckThread:103 - End integrity checks thread
2023-10-07 13:40:33,353 [ERROR] LogOutputStream:75 - [STDERR_REDIRECT] SLF4J: Failed to load class "org.slf4j.impl.StaticLoggerBinder".
2023-10-07 13:40:33,354 [ERROR] LogOutputStream:75 - [STDERR_REDIRECT] SLF4J: Defaulting to no-operation (NOP) logger implementation
2023-10-07 13:40:33,358 [ERROR] LogOutputStream:75 - [STDERR_REDIRECT] SLF4J: See http://www.slf4j.org/codes.html#StaticLoggerBinder for further details.
2023-10-07 13:42:31,853 [INFO] McuFinderGlobals:63 - Set McuFinder mode to 2 (CubeIDE integrated)
2023-10-07 13:42:31,919 [INFO] MainUpdater:2868 - connection check result : 10
2023-10-07 13:42:31,935 [INFO] MainUpdater:2868 - connection check result : 10
2023-10-07 13:42:32,324 [INFO] MicroXplorer:468 - Change Database Path : 
2023-10-07 13:42:32,325 [INFO] MicroXplorer:498 - Change Database Version : DB.6.0.91
2023-10-07 13:42:32,337 [WARN] ThirdParty:871 - waiting for thirdparty lock release [close project]
2023-10-07 13:42:32,337 [INFO] ThirdParty:873 - entering critical section [close project]
2023-10-07 13:42:32,340 [INFO] ThirdParty:883 - exiting critical section [close project]
2023-10-07 13:42:32,344 [INFO] PinOutPanel:1499 - setPackage(No Configuration,No Configuration)
2023-10-07 13:42:32,369 [INFO] UtilMem:75 - Begin LoadConfig() Used Memory: 510983344 Bytes (832569344)
2023-10-07 13:42:32,374 [INFO] MicroXplorer:468 - Change Database Path : 
2023-10-07 13:42:32,375 [INFO] MicroXplorer:498 - Change Database Version : DB.6.0.91
2023-10-07 13:42:32,375 [INFO] OpenFileManager:308 - Change cursor
2023-10-07 13:42:32,582 [INFO] Mcu:1946 - Initializing MCU STM32F407V(E-G)Tx STM32F407VETx STM32F407VET6
2023-10-07 13:42:38,651 [INFO] Context:659 - Trying to add GPIOservice into a context  which must be forbidden
2023-10-07 13:42:40,903 [INFO] RtosManager:555 - Registered RTOS mode: class=CMSIS, group=RTOS, mode=CMSIS_V1, owner=FREERTOS
2023-10-07 13:42:40,903 [INFO] RtosManager:555 - Registered RTOS mode: class=CMSIS, group=RTOS2, mode=CMSIS_V2, owner=FREERTOS
2023-10-07 13:42:40,903 [INFO] RtosManager:555 - Registered RTOS mode: class=RTOS, group=Core, mode=CMSIS_V1, owner=FREERTOS
2023-10-07 13:42:40,903 [INFO] RtosManager:555 - Registered RTOS mode: class=RTOS, group=Core, mode=CMSIS_V2, owner=FREERTOS
2023-10-07 13:42:40,905 [WARN] ModelIntegratedComponent:184 - Missing modes for component STMicroelectronics:FreeRTOS:0.0.1:STMicroelectronics:RTOS:FreeRTOS:Core:::10.2.0:
2023-10-07 13:42:40,949 [WARN] ModelIntegratedComponent:63 - No mode defined for component null
2023-10-07 13:42:40,951 [WARN] ModelIntegratedComponent:63 - No mode defined for component null
2023-10-07 13:42:40,951 [WARN] ModelIntegratedComponent:63 - No mode defined for component null
2023-10-07 13:42:40,951 [WARN] ModelIntegratedComponent:63 - No mode defined for component null
2023-10-07 13:42:40,951 [WARN] ModelIntegratedComponent:63 - No mode defined for component null
2023-10-07 13:42:40,951 [WARN] ModelIntegratedComponent:63 - No mode defined for component null
2023-10-07 13:42:40,951 [WARN] ModelIntegratedComponent:63 - No mode defined for component null
2023-10-07 13:42:40,951 [WARN] ModelIntegratedComponent:63 - No mode defined for component null
2023-10-07 13:42:40,951 [WARN] ModelIntegratedComponent:63 - No mode defined for component null
2023-10-07 13:42:40,951 [WARN] ModelIntegratedComponent:63 - No mode defined for component null
2023-10-07 13:42:40,951 [WARN] ModelIntegratedComponent:63 - No mode defined for component null
2023-10-07 13:42:40,952 [WARN] ModelIntegratedComponent:63 - No mode defined for component null
2023-10-07 13:42:40,952 [WARN] ModelIntegratedComponent:63 - No mode defined for component null
2023-10-07 13:42:40,952 [WARN] ModelIntegratedComponent:63 - No mode defined for component null
2023-10-07 13:42:40,952 [WARN] ModelIntegratedComponent:63 - No mode defined for component null
2023-10-07 13:42:40,952 [WARN] ModelIntegratedComponent:63 - No mode defined for component null
2023-10-07 13:42:40,952 [WARN] ModelIntegratedComponent:63 - No mode defined for component null
2023-10-07 13:42:40,952 [WARN] ModelIntegratedComponent:63 - No mode defined for component null
2023-10-07 13:42:40,952 [WARN] ModelIntegratedComponent:63 - No mode defined for component null
2023-10-07 13:42:40,952 [WARN] ModelIntegratedComponent:63 - No mode defined for component null
2023-10-07 13:42:40,952 [WARN] ModelIntegratedComponent:63 - No mode defined for component null
2023-10-07 13:42:40,952 [WARN] ModelIntegratedComponent:63 - No mode defined for component null
2023-10-07 13:42:40,953 [WARN] ModelIntegratedComponent:63 - No mode defined for component null
2023-10-07 13:42:40,953 [WARN] ModelIntegratedComponent:63 - No mode defined for component null
2023-10-07 13:42:40,953 [WARN] ModelIntegratedComponent:63 - No mode defined for component null
2023-10-07 13:42:40,953 [WARN] ModelIntegratedComponent:63 - No mode defined for component null
2023-10-07 13:42:40,953 [WARN] ModelIntegratedComponent:63 - No mode defined for component null
2023-10-07 13:42:40,954 [WARN] ModelIntegratedComponent:63 - No mode defined for component null
2023-10-07 13:42:40,954 [WARN] ModelIntegratedComponent:63 - No mode defined for component null
2023-10-07 13:42:40,954 [WARN] ModelIntegratedComponent:63 - No mode defined for component null
2023-10-07 13:42:40,954 [WARN] ModelIntegratedComponent:63 - No mode defined for component null
2023-10-07 13:42:40,954 [WARN] ModelIntegratedComponent:63 - No mode defined for component null
2023-10-07 13:42:40,955 [WARN] ModelIntegratedComponent:63 - No mode defined for component null
2023-10-07 13:42:41,045 [INFO] ThirdPartyModel:298 - Start build external matchings
2023-10-07 13:42:41,658 [INFO] ThirdPartyModel:316 - End build external matchings
2023-10-07 13:42:41,681 [INFO] RtosManager:919 - Current active RTOS is FREERTOS [Cortex-M4NS]
2023-10-07 13:42:41,702 [INFO] ImportTextPane:194 - (OptionalMessage_ERROR) IP (RCC) : Parameter (RTCHSEDivFreq_Value) has invalid value (12500000)
2023-10-07 13:42:42,432 [INFO] UtilMem:75 - End LoadConfig() Used Memory: 889352080 Bytes (1073741824)
2023-10-07 13:42:42,673 [INFO] ApiDb:581 - Connected to CubeFinder SQLite database (C:\Users\yaomi\.stmcufinder\plugins\mcufinder\mcu\cube-finder-db.db)
2023-10-07 13:42:42,839 [INFO] ApiDb:668 - CubeFinder database Data Model version=2.1
2023-10-07 13:42:42,840 [INFO] ApiDb:669 - CubeFinder database Configuration version=3.0.37
2023-10-07 13:42:42,840 [INFO] ApiDb:670 - CubeFinder database generation date=2023-08-09 (1691586011)
2023-10-07 13:42:42,840 [INFO] ApiDb:671 - CubeFinder database FW Pack versions=[FP-ATR-ASTRA1_V2.0.0, FP-SNS-FLIGHT1_V5.0.1, FP-SNS-FLIGHT1_V5.0.2, FP-SNS-MOTENV1_V4.3.1, FP-SNS-MOTENV1_V4.3.2, STM32Cube_FW_C0_V1.1.0, STM32Cube_FW_F4_V1.27.1, STM32Cube_FW_F7_V1.17.0, STM32Cube_FW_G0_V1.6.1, STM32Cube_FW_G4_V1.5.1, STM32Cube_FW_H5_V0.5.1, STM32Cube_FW_H5_V1.1.0, STM32Cube_FW_H7_V1.11.0, STM32Cube_FW_L0_V1.12.2, STM32Cube_FW_L5_V1.5.0, STM32Cube_FW_U5_V1.3.0, STM32Cube_FW_U5_V1.3.0RC4, STM32Cube_FW_WBA_V1.0.0RC1, STM32Cube_FW_WBA_V1.1.0, STM32Cube_FW_WBA_V1.1.0RC1, STM32Cube_FW_WB_V1.15.0RC1, STM32Cube_FW_WB_V1.16.0, STM32Cube_FW_WB_V1.16.0RC2, STM32Cube_FW_WB_V1.17.0, STM32Cube_FW_WL_V1.3.0, X-CUBE-ALGOBUILD_V1.3.0, X-CUBE-ALS_V1.0.1, X-CUBE-AZRTOS-F4_V1.1.0, X-CUBE-AZRTOS-F7_V1.1.0, X-CUBE-AZRTOS-G0_V1.1.0, X-CUBE-AZRTOS-G4_V2.0.0, X-CUBE-AZRTOS-H7_V3.1.0, X-CUBE-AZRTOS-L4_V1.0.0, X-CUBE-AZRTOS-L4_V2.0.0, X-CUBE-AZRTOS-L5_V1.1.0, X-CUBE-AZRTOS-WB_V1.1.0, X-CUBE-AZRTOS-WL_V2.0.0, X-CUBE-BLE1_V7.0.0, X-CUBE-BLE2_V3.3.0, X-CUBE-BLEMGR_V2.0.0, X-CUBE-EEPRMA1_V4.1.0, X-CUBE-FREERTOS_V1.1.0, X-CUBE-GNSS1_V6.0.0, X-CUBE-MEMS1_V9.1.0, X-CUBE-MEMS1_V9.4.0, X-CUBE-MEMS1_V9.6.0, X-CUBE-NFC4_V3.0.0, X-CUBE-NFC7_V1.0.0, X-CUBE-SFXS2LP1_V4.0.0, X-CUBE-SUBG2_V5.0.0, X-CUBE-TOF1_V3.3.1]
2023-10-07 13:42:49,033 [INFO] ApiDb:240 - Found 323 in-development CPN: [B-G473E-ZEST1S, B-WB1M-WPAN1, B-WL5M-SUBG1, NUCLEO-C031C6, NUCLEO-H503RB, NUCLEO-H563ZI, NUCLEO-U545RE-Q, NUCLEO-U5A5ZJ-Q, NUCLEO-WBA52CG, STEVAL-PROTEUS1, STEVAL-SMARTAG2, STEVAL-STWINBX1, STM320518-EVAL, STM32C0116-DK, STM32C011D6Y3TR, STM32C011D6Y6TR, STM32C011F4P3, STM32C011F4P6, STM32C011F4U3, STM32C011F4U6TR, STM32C011F6P3, STM32C011F6P6, STM32C011F6U3, STM32C011F6U6TR, STM32C011J4M3, STM32C011J4M6, STM32C011J6M3, STM32C011J6M6, STM32C0316-DK, STM32C031C4T3, STM32C031C4T6, STM32C031C4U3, STM32C031C4U6, STM32C031C6T3, STM32C031C6T6, STM32C031C6U3, STM32C031C6U6, STM32C031F4P3, STM32C031F4P6, STM32C031F6P3, STM32C031F6P6, STM32C031G4U3, STM32C031G4U6, STM32C031G6U3, STM32C031G6U6, STM32C031K4T3, STM32C031K4T6, STM32C031K4U3, STM32C031K4U6, STM32C031K6T3, STM32C031K6T6, STM32C031K6U3, STM32C031K6U6, STM32G071K8TXN, STM32G071K8UXN, STM32G081GBU6N, STM32G081KBT6N, STM32G081KBUXN, STM32G0B1CCT6N, STM32G0B1KCT6, STM32G0B1NEY6TR, STM32G0B1RCT6N, STM32G0C1CCT6, STM32G0C1CCT6N, STM32G0C1CCU6N, STM32G0C1CET6N, STM32G0C1CEU6N, STM32G0C1KCT6, STM32G0C1NEY6TR, STM32G0C1RCI6N, STM32G0C1RCT6N, STM32G0C1REI6N, STM32G0C1RET6N, STM32G0C1VCI6, STM32G0C1VEI6, STM32G471CCT6, STM32G471CCU6, STM32G471CET3, STM32G471CET6, STM32G471CEU3, STM32G471CEU6, STM32G471MCT6, STM32G471MET3, STM32G471MET6, STM32G471MEY6TR, STM32G471QCT6, STM32G471QET3, STM32G471RCT6, STM32G471RET3, STM32G471RET6, STM32G471VCH6, STM32G471VCI6, STM32G471VCT6, STM32G471VEH3, STM32G471VEH6, STM32G471VEI3, STM32G471VEI6, STM32G471VET3, STM32G471VET6, STM32G474CCT6, STM32H503CBT6, STM32H503CBU6, STM32H503EBY6TR, STM32H503KBU6, STM32H503RBT6, STM32H562AGI6, STM32H562AII6, STM32H562IGK6, STM32H562IGT6, STM32H562IIK6, STM32H562IIT6, STM32H562RGT6, STM32H562RGV6, STM32H562RIT6, STM32H562RIV6, STM32H562VGT6, STM32H562VIT6, STM32H562ZGT6, STM32H562ZIT6, STM32H563AGI6, STM32H563AII3Q, STM32H563AII6, STM32H563IGK6, STM32H563IGT6, STM32H563IIK3Q, STM32H563IIK6, STM32H563IIT3Q, STM32H563IIT6, STM32H563MIY3QTR, STM32H563RGT6, STM32H563RGV6, STM32H563RIT6, STM32H563RIV6, STM32H563VGT6, STM32H563VIT3Q, STM32H563VIT6, STM32H563ZGT6, STM32H563ZIT3Q, STM32H563ZIT6, STM32H573AII3Q, STM32H573AII6, STM32H573I-DK, STM32H573IIK3Q, STM32H573IIK6, STM32H573IIT3Q, STM32H573IIT6, STM32H573MIY3QTR, STM32H573RIT6, STM32H573RIV6, STM32H573VIT3Q, STM32H573VIT6, STM32H573ZIT3Q, STM32H573ZIT6, STM32L4R5QGI6STR, STM32MP131AAE3, STM32MP131AAF3, STM32MP131AAG3, STM32MP131CAE3, STM32MP131CAF3, STM32MP131CAG3, STM32MP131DAE7, STM32MP131DAF7, STM32MP131DAG7, STM32MP131FAE7, STM32MP131FAF7, STM32MP131FAG7, STM32MP133AAE3, STM32MP133AAF3, STM32MP133AAG3, STM32MP133CAE3, STM32MP133CAF3, STM32MP133CAG3, STM32MP133DAE7, STM32MP133DAF7, STM32MP133DAG7, STM32MP133FAE7, STM32MP133FAF7, STM32MP133FAG7, STM32MP135AAE3, STM32MP135AAF3, STM32MP135AAG3, STM32MP135CAE3, STM32MP135CAF3, STM32MP135CAG3, STM32MP135DAE7, STM32MP135DAF7, STM32MP135DAG7, STM32MP135F-DK, STM32MP135FAE7, STM32MP135FAF7, STM32MP135FAF7T, STM32MP135FAF7U, STM32MP135FAG7, STM32U535CBT6, STM32U535CBT6Q, STM32U535CBU6, STM32U535CBU6Q, STM32U535CCT6, STM32U535CCT6Q, STM32U535CCU6, STM32U535CCU6Q, STM32U535CET6, STM32U535CET6Q, STM32U535CEU6, STM32U535CEU6Q, STM32U535JEY6QTR, STM32U535NCY6QTR, STM32U535NEY6QTR, STM32U535RBI6, STM32U535RBI6Q, STM32U535RBT6, STM32U535RBT6Q, STM32U535RCI6, STM32U535RCI6Q, STM32U535RCT6, STM32U535RCT6Q, STM32U535REI6, STM32U535REI6Q, STM32U535RET6, STM32U535RET6Q, STM32U535VCI6, STM32U535VCI6Q, STM32U535VCT6, STM32U535VCT6Q, STM32U535VEI6, STM32U535VEI6Q, STM32U535VET6, STM32U535VET6Q, STM32U545CET6, STM32U545CET6Q, STM32U545CEU6, STM32U545CEU6Q, STM32U545JEY6QTR, STM32U545NEY6QTR, STM32U545REI6, STM32U545REI6Q, STM32U545RET6, STM32U545RET6Q, STM32U545VEI6, STM32U545VEI6Q, STM32U545VET6, STM32U545VET6Q, STM32U595AIH6, STM32U595AIH6Q, STM32U595AJH6, STM32U595AJH6Q, STM32U595QII6, STM32U595QII6Q, STM32U595QJI6, STM32U595QJI6Q, STM32U595RIT6, STM32U595RIT6Q, STM32U595RJT6, STM32U595RJT6Q, STM32U595VIT6, STM32U595VIT6Q, STM32U595VJT6, STM32U595VJT6Q, STM32U595ZIT6, STM32U595ZIT6Q, STM32U595ZIY6QTR, STM32U595ZJT6, STM32U595ZJT6Q, STM32U595ZJY6QTR, STM32U599BJY6QTR, STM32U599NIH6Q, STM32U599NJH6Q, STM32U599VIT6Q, STM32U599VJT6, STM32U599VJT6Q, STM32U599ZIT6Q, STM32U599ZIY6QTR, STM32U599ZJT6Q, STM32U599ZJY6QTR, STM32U5A5AJH6, STM32U5A5AJH6Q, STM32U5A5QJI6, STM32U5A5QJI6Q, STM32U5A5RJT6, STM32U5A5RJT6Q, STM32U5A5VJT6, STM32U5A5VJT6Q, STM32U5A5ZJT6, STM32U5A5ZJT6Q, STM32U5A5ZJY6QTR, STM32U5A9BJY6QTR, STM32U5A9J-DK, STM32U5A9NJH6Q, STM32U5A9VJT6Q, STM32U5A9ZJT6Q, STM32U5A9ZJY6QTR, STM32U5F7VIT6, STM32U5F7VIT6Q, STM32U5F7VJT6, STM32U5F7VJT6Q, STM32U5F9BJY6QTR, STM32U5F9NJH6Q, STM32U5F9VIT6Q, STM32U5F9VJT6Q, STM32U5F9ZIJ6QTR, STM32U5F9ZIT6Q, STM32U5F9ZJJ6QTR, STM32U5F9ZJT6Q, STM32U5G7VJT6, STM32U5G7VJT6Q, STM32U5G9BJY6QTR, STM32U5G9J-DK1, STM32U5G9J-DK2, STM32U5G9NJH6Q, STM32U5G9VJT6Q, STM32U5G9ZJJ6QTR, STM32U5G9ZJT6Q, STM32WB1MMCH6, STM32WBA52CEU6, STM32WBA52CEU6T, STM32WBA52CGU6, STM32WBA52CGU6T, STM32WBA52KEU6, STM32WBA52KEU6T, STM32WBA52KGU6, STM32WBA52KGU6T, STM32WL5MOCH6, STM32WL5MOCH6TR]
2023-10-07 13:42:49,043 [INFO] DbMcus:217 - Found 3848 MCUs, 3848 are supported
2023-10-07 13:42:49,046 [INFO] ApiDb:423 - Load user favorites file C:\Users\yaomi/.stm32cubeide/favorites.mcus.txt: 0 item(s)
2023-10-07 13:42:49,047 [INFO] ApiDb:427 - User favorites MCUs=[]
2023-10-07 13:42:49,047 [INFO] DbMcus:223 - Set 0 / 0 favorites MCUs
2023-10-07 13:42:49,843 [WARN] ThirdParty:833 - waiting for thirdparty lock release [change project]
2023-10-07 13:42:49,843 [INFO] ThirdParty:835 - entering critical section [change project]
2023-10-07 13:42:49,844 [INFO] ThirdParty:1030 - CMSIS Pack Vendor :STMicroelectronics X-CUBE-ISPU 1.1.0
2023-10-07 13:42:49,844 [INFO] ThirdParty:1030 - CMSIS Pack Vendor :STMicroelectronics USBPD 4.1
2023-10-07 13:42:49,845 [INFO] ThirdParty:1030 - CMSIS Pack Vendor :STMicroelectronics X-CUBE-GNSS1 6.0.0
2023-10-07 13:42:49,845 [INFO] ThirdParty:1030 - CMSIS Pack Vendor :STMicroelectronics USB_HOST 2.0.0
2023-10-07 13:42:49,845 [INFO] ThirdParty:1030 - CMSIS Pack Vendor :STMicroelectronics X-CUBE-AZRTOS-F4 1.1.0
2023-10-07 13:42:49,845 [INFO] ThirdParty:1030 - CMSIS Pack Vendor :STMicroelectronics LIBJPEG 8.0.0
2023-10-07 13:42:49,845 [INFO] ThirdParty:1030 - CMSIS Pack Vendor :wolfSSL I-CUBE-wolfSSL 5.6.3
2023-10-07 13:42:49,845 [INFO] ThirdParty:1030 - CMSIS Pack Vendor :STMicroelectronics X-CUBE-SMBUS 2.1.0
2023-10-07 13:42:49,845 [INFO] ThirdParty:1030 - CMSIS Pack Vendor :STMicroelectronics USB_DEVICE 3.0.0
2023-10-07 13:42:49,845 [INFO] ThirdParty:1030 - CMSIS Pack Vendor :STMicroelectronics X-CUBE-AZRTOS-WB 2.0.0
2023-10-07 13:42:49,847 [INFO] ThirdParty:1030 - CMSIS Pack Vendor :STMicroelectronics X-CUBE-FREERTOS 1.0.1
2023-10-07 13:42:49,847 [INFO] ThirdParty:1030 - CMSIS Pack Vendor :STMicroelectronics X-CUBE-AZRTOS-F7 1.1.0
2023-10-07 13:42:49,848 [INFO] ThirdParty:1030 - CMSIS Pack Vendor :STMicroelectronics X-CUBE-AZRTOS-L5 2.0.0
2023-10-07 13:42:49,848 [INFO] ThirdParty:1030 - CMSIS Pack Vendor :STMicroelectronics USB_DEVICE 2.0.0
2023-10-07 13:42:49,848 [INFO] ThirdParty:1030 - CMSIS Pack Vendor :STMicroelectronics X-CUBE-MEMS1 9.6.0
2023-10-07 13:42:49,848 [INFO] ThirdParty:1030 - CMSIS Pack Vendor :ITTIA_DB I-CUBE-ITTIADB 8.8.0
2023-10-07 13:42:49,849 [INFO] ThirdParty:1030 - CMSIS Pack Vendor :STMicroelectronics FP-SNS-MOTENV1 4.3.2
2023-10-07 13:42:49,849 [INFO] ThirdParty:1030 - CMSIS Pack Vendor :STMicroelectronics X-CUBE-ALGOBUILD 1.3.0
2023-10-07 13:42:49,849 [INFO] ThirdParty:1030 - CMSIS Pack Vendor :STMicroelectronics FreeRTOS 0.0.1
2023-10-07 13:42:49,849 [INFO] ThirdParty:1030 - CMSIS Pack Vendor :STMicroelectronics X-CUBE-AZRTOS-G0 1.1.0
2023-10-07 13:42:49,849 [INFO] ThirdParty:1030 - CMSIS Pack Vendor :STMicroelectronics X-CUBE-BLEMGR 2.0.0
2023-10-07 13:42:49,849 [INFO] ThirdParty:1030 - CMSIS Pack Vendor :STMicroelectronics X-CUBE-NFC4 3.0.0
2023-10-07 13:42:49,850 [INFO] ThirdParty:1030 - CMSIS Pack Vendor :STMicroelectronics X-CUBE-SUBG2 5.0.0
2023-10-07 13:42:49,850 [INFO] ThirdParty:1030 - CMSIS Pack Vendor :STMicroelectronics STM32_WPAN 1.0.0
2023-10-07 13:42:49,850 [INFO] ThirdParty:1030 - CMSIS Pack Vendor :STMicroelectronics lwIP 2.0.3
2023-10-07 13:42:49,850 [INFO] ThirdParty:1030 - CMSIS Pack Vendor :STMicroelectronics FP-SNS-FLIGHT1 5.0.2
2023-10-07 13:42:49,850 [INFO] ThirdParty:1030 - CMSIS Pack Vendor :STMicroelectronics USB_HOST 1.0.0
2023-10-07 13:42:49,850 [INFO] ThirdParty:1030 - CMSIS Pack Vendor :STMicroelectronics X-CUBE-TOF1 3.3.1
2023-10-07 13:42:49,850 [INFO] ThirdParty:1030 - CMSIS Pack Vendor :STMicroelectronics X-CUBE-AZRTOS-G4 2.0.0
2023-10-07 13:42:49,850 [INFO] ThirdParty:1030 - CMSIS Pack Vendor :STMicroelectronics PDM2PCM 3.1.0
2023-10-07 13:42:49,850 [INFO] ThirdParty:1030 - CMSIS Pack Vendor :STMicroelectronics X-CUBE-AZRTOS-H7 3.1.0
2023-10-07 13:42:49,851 [INFO] ThirdParty:1030 - CMSIS Pack Vendor :Infineon AIROC-Wi-Fi-Bluetooth-STM32 1.5.1
2023-10-07 13:42:49,851 [INFO] ThirdParty:1030 - CMSIS Pack Vendor :STMicroelectronics PDM2PCM 3.3.0
2023-10-07 13:42:49,851 [INFO] ThirdParty:1030 - CMSIS Pack Vendor :STMicroelectronics X-CUBE-DISPLAY 3.0.0
2023-10-07 13:42:49,851 [INFO] ThirdParty:1030 - CMSIS Pack Vendor :STMicroelectronics X-CUBE-BLE1 7.0.0
2023-10-07 13:42:49,851 [INFO] ThirdParty:1030 - CMSIS Pack Vendor :STMicroelectronics FP-ATR-SIGFOX1 3.2.0
2023-10-07 13:42:49,851 [INFO] ThirdParty:1030 - CMSIS Pack Vendor :STMicroelectronics HAL Drivers 0.0.0
2023-10-07 13:42:49,851 [INFO] ThirdParty:1030 - CMSIS Pack Vendor :STMicroelectronics MBEDTLS 2.16.2
2023-10-07 13:42:49,851 [INFO] ThirdParty:1030 - CMSIS Pack Vendor :emotas I-CUBE-CANOPEN 1.3.0
2023-10-07 13:42:49,852 [INFO] ThirdParty:1030 - CMSIS Pack Vendor :STMicroelectronics X-CUBE-FREERTOS 1.1.0
2023-10-07 13:42:49,852 [INFO] ThirdParty:1030 - CMSIS Pack Vendor :STMicroelectronics X-CUBE-TOUCHGFX 4.22.0
2023-10-07 13:42:49,852 [INFO] ThirdParty:1030 - CMSIS Pack Vendor :STMicroelectronics X-CUBE-NFC7 1.0.1
2023-10-07 13:42:49,852 [INFO] ThirdParty:1030 - CMSIS Pack Vendor :STMicroelectronics MBEDTLS 2.14.1
2023-10-07 13:42:49,852 [INFO] ThirdParty:1030 - CMSIS Pack Vendor :STMicroelectronics X-CUBE-TOUCHGFX 4.22.1
2023-10-07 13:42:49,852 [INFO] ThirdParty:1030 - CMSIS Pack Vendor :STMicroelectronics X-CUBE-NFC6 3.0.0
2023-10-07 13:42:49,852 [INFO] ThirdParty:1030 - CMSIS Pack Vendor :STMicroelectronics X-CUBE-EEPRMA1 4.1.0
2023-10-07 13:42:49,853 [INFO] ThirdParty:1030 - CMSIS Pack Vendor :portGmbH I-Cube-SoM-uGOAL 1.1.0
2023-10-07 13:42:49,853 [INFO] ThirdParty:1030 - CMSIS Pack Vendor :STMicroelectronics X-CUBE-ALS 1.0.1
2023-10-07 13:42:49,853 [INFO] ThirdParty:1030 - CMSIS Pack Vendor :STMicroelectronics ThreadX 1.0.0
2023-10-07 13:42:49,853 [INFO] ThirdParty:1030 - CMSIS Pack Vendor :STMicroelectronics FP-SNS-SMARTAG2 1.2.0
2023-10-07 13:42:49,853 [INFO] ThirdParty:1030 - CMSIS Pack Vendor :STMicroelectronics X-CUBE-AZRTOS-WL 2.0.0
2023-10-07 13:42:49,854 [INFO] ThirdParty:1030 - CMSIS Pack Vendor :SEGGER I-CUBE-embOS 1.3.1
2023-10-07 13:42:49,854 [INFO] ThirdParty:1030 - CMSIS Pack Vendor :STMicroelectronics USB_DEVICE 1.0.0
2023-10-07 13:42:49,854 [INFO] ThirdParty:1030 - CMSIS Pack Vendor :STMicroelectronics X-CUBE-AI 8.1.0
2023-10-07 13:42:49,854 [INFO] ThirdParty:1030 - CMSIS Pack Vendor :STMicroelectronics X-CUBE-AZRTOS-L4 2.0.0
2023-10-07 13:42:49,854 [INFO] ThirdParty:1030 - CMSIS Pack Vendor :STMicroelectronics ThreadX 0.0.2
2023-10-07 13:42:49,854 [INFO] ThirdParty:1030 - CMSIS Pack Vendor :WES I-CUBE-Cesium 1.3.0
2023-10-07 13:42:49,855 [INFO] ThirdParty:1030 - CMSIS Pack Vendor :STMicroelectronics FP-ATR-ASTRA1 2.0.0
2023-10-07 13:42:49,855 [INFO] ThirdParty:1030 - CMSIS Pack Vendor :STMicroelectronics lwIP 2.1.2
2023-10-07 13:42:49,855 [INFO] ThirdParty:1030 - CMSIS Pack Vendor :STMicroelectronics X-CUBE-SFXS2LP1 4.0.0
2023-10-07 13:42:49,856 [INFO] ThirdParty:1030 - CMSIS Pack Vendor :STMicroelectronics X-CUBE-BLE2 3.3.0
2023-10-07 13:42:49,856 [INFO] ThirdParty:1030 - CMSIS Pack Vendor :STMicroelectronics PDM2PCM 3.2.0
2023-10-07 13:42:49,857 [INFO] ThirdParty:841 - exiting critical section [change project]
2023-10-07 13:42:51,004 [INFO] PinOutPanel:1499 - setPackage(No Configuration,No Configuration)
2023-10-07 13:42:51,008 [INFO] PinOutPanel:1499 - setPackage(STM32F407VETx,LQFP100)
2023-10-07 13:42:52,093 [INFO] UtilMem:75 - Before build in PCC Used Memory: 725478584 Bytes (1073741824)
2023-10-07 13:42:55,534 [INFO] UtilMem:75 - After build in PCC Used Memory: 784721080 Bytes (1073741824)
2023-10-07 13:42:56,163 [INFO] ApiDbMcu:507 - Load IP Config File for FREERTOS
2023-10-07 13:42:56,241 [INFO] IPUIPlugin:80 - create IPUIPlugin
2023-10-07 13:42:56,241 [INFO] IPUIPlugin:80 - create IPUIPlugin
2023-10-07 13:42:56,241 [INFO] IPUIPlugin:80 - create IPUIPlugin
2023-10-07 13:42:56,241 [INFO] IPUIPlugin:80 - create IPUIPlugin
2023-10-07 13:42:56,242 [INFO] IPUIPlugin:80 - create IPUIPlugin
2023-10-07 13:42:56,242 [INFO] IPUIPlugin:80 - create IPUIPlugin
2023-10-07 13:42:56,242 [INFO] IPUIPlugin:80 - create IPUIPlugin
2023-10-07 13:42:56,243 [INFO] IPUIPlugin:80 - create IPUIPlugin
2023-10-07 13:42:56,243 [INFO] IPUIPlugin:80 - create IPUIPlugin
2023-10-07 13:42:56,243 [INFO] IPUIPlugin:80 - create IPUIPlugin
2023-10-07 13:42:56,243 [INFO] IPUIPlugin:80 - create IPUIPlugin
2023-10-07 13:42:56,243 [INFO] IPUIPlugin:80 - create IPUIPlugin
2023-10-07 13:42:56,244 [INFO] IPUIPlugin:80 - create IPUIPlugin
2023-10-07 13:42:56,244 [INFO] IPUIPlugin:80 - create IPUIPlugin
2023-10-07 13:42:56,244 [INFO] IPUIPlugin:80 - create IPUIPlugin
2023-10-07 13:42:56,244 [INFO] IPUIPlugin:80 - create IPUIPlugin
2023-10-07 13:42:56,245 [INFO] IPUIPlugin:80 - create IPUIPlugin
2023-10-07 13:42:56,245 [INFO] IPUIPlugin:80 - create IPUIPlugin
2023-10-07 13:42:56,245 [INFO] IPUIPlugin:80 - create IPUIPlugin
2023-10-07 13:42:56,246 [INFO] IPUIPlugin:80 - create IPUIPlugin
2023-10-07 13:42:56,247 [INFO] IPUIPlugin:80 - create IPUIPlugin
2023-10-07 13:42:56,247 [INFO] IPUIPlugin:80 - create IPUIPlugin
2023-10-07 13:42:56,248 [INFO] IPUIPlugin:80 - create IPUIPlugin
2023-10-07 13:42:56,248 [INFO] IPUIPlugin:80 - create IPUIPlugin
2023-10-07 13:42:56,249 [INFO] IPUIPlugin:80 - create IPUIPlugin
2023-10-07 13:42:56,249 [INFO] IPUIPlugin:80 - create IPUIPlugin
2023-10-07 13:42:56,250 [INFO] IPUIPlugin:80 - create IPUIPlugin
2023-10-07 13:42:56,250 [INFO] IPUIPlugin:80 - create IPUIPlugin
2023-10-07 13:42:56,251 [INFO] IPUIPlugin:80 - create IPUIPlugin
2023-10-07 13:42:56,251 [INFO] IPUIPlugin:80 - create IPUIPlugin
2023-10-07 13:42:56,251 [INFO] IPUIPlugin:80 - create IPUIPlugin
2023-10-07 13:42:56,252 [INFO] IPUIPlugin:80 - create IPUIPlugin
2023-10-07 13:42:56,252 [INFO] IPUIPlugin:80 - create IPUIPlugin
2023-10-07 13:42:56,253 [INFO] IPUIPlugin:80 - create IPUIPlugin
2023-10-07 13:42:56,253 [INFO] IPUIPlugin:80 - create IPUIPlugin
2023-10-07 13:42:56,254 [INFO] IPUIPlugin:80 - create IPUIPlugin
2023-10-07 13:42:56,254 [INFO] IPUIPlugin:80 - create IPUIPlugin
2023-10-07 13:42:56,255 [INFO] IPUIPlugin:80 - create IPUIPlugin
2023-10-07 13:42:56,255 [INFO] IPUIPlugin:80 - create IPUIPlugin
2023-10-07 13:42:56,256 [INFO] IPUIPlugin:80 - create IPUIPlugin
2023-10-07 13:42:56,256 [INFO] IPUIPlugin:80 - create IPUIPlugin
2023-10-07 13:42:56,256 [INFO] IPUIPlugin:80 - create IPUIPlugin
2023-10-07 13:42:56,257 [INFO] IPUIPlugin:80 - create IPUIPlugin
2023-10-07 13:42:56,257 [INFO] IPUIPlugin:80 - create IPUIPlugin
2023-10-07 13:42:56,258 [INFO] IPUIPlugin:80 - create IPUIPlugin
2023-10-07 13:42:56,258 [INFO] IPUIPlugin:80 - create IPUIPlugin
2023-10-07 13:42:56,259 [INFO] IPUIPlugin:80 - create IPUIPlugin
2023-10-07 13:42:56,259 [INFO] IPUIPlugin:80 - create IPUIPlugin
2023-10-07 13:42:56,260 [INFO] IPUIPlugin:80 - create IPUIPlugin
2023-10-07 13:42:56,261 [INFO] IPUIPlugin:80 - create IPUIPlugin
2023-10-07 13:42:56,261 [INFO] IPUIPlugin:80 - create IPUIPlugin
2023-10-07 13:42:56,262 [INFO] IPUIPlugin:80 - create IPUIPlugin
2023-10-07 13:42:56,262 [INFO] IPUIPlugin:80 - create IPUIPlugin
2023-10-07 13:42:56,263 [INFO] IPUIPlugin:80 - create IPUIPlugin
2023-10-07 13:42:56,265 [INFO] IPUIPlugin:80 - create IPUIPlugin
2023-10-07 13:42:56,266 [INFO] IPUIPlugin:80 - create IPUIPlugin
2023-10-07 13:42:56,266 [INFO] IPUIPlugin:80 - create IPUIPlugin
2023-10-07 13:42:56,268 [INFO] IPUIPlugin:80 - create IPUIPlugin
2023-10-07 13:42:56,359 [INFO] ApiDbMcu:507 - Load IP Config File for PDM2PCM
2023-10-07 13:42:56,426 [WARN] IP:2114 - I2C_Coeff_DF not found: check if there is a RefParameter without a condition.
2023-10-07 13:42:56,426 [WARN] IP:2114 - Analog_Filter not found: check if there is a RefParameter without a condition.
2023-10-07 13:42:56,565 [WARN] FreeRTOS:1023 - Null or empty value: should not occur! (nothing added to the table)
2023-10-07 13:42:57,266 [INFO] CADModel:165 - CPN selected for project levelSTM32F407VET6
2023-10-07 13:42:57,266 [INFO] CADModel:114 - Register for checkConnection events
2023-10-07 13:42:57,273 [INFO] RtosManager:697 - Active RTOS found at IOC load: FREERTOS [Cortex-M4NS]
2023-10-07 13:42:57,375 [INFO] OpenFileManager:328 - Restore cursor
2023-10-07 13:42:57,822 [WARN] IP:2114 - I2C_Coeff_DF not found: check if there is a RefParameter without a condition.
2023-10-07 13:42:57,822 [WARN] IP:2114 - Analog_Filter not found: check if there is a RefParameter without a condition.
2023-10-07 13:42:57,823 [WARN] IP:2114 - I2C_Coeff_DF not found: check if there is a RefParameter without a condition.
2023-10-07 13:42:57,823 [WARN] IP:2114 - Analog_Filter not found: check if there is a RefParameter without a condition.
2023-10-07 13:43:27,740 [ERROR] RtosPanel:558 - Can not restore the selected Tab for FREERTOS(A reason can be that the tab is no more available.)
2023-10-07 13:43:52,671 [INFO] TasksAndQueuesTab:757 - Dynamic
2023-10-07 13:43:52,672 [WARN] TasksAndQueuesTab:763 - 128 128
2023-10-07 13:43:52,673 [WARN] TasksAndQueuesTab:775 - max value is: 3840.0
2023-10-07 13:43:52,673 [INFO] TasksAndQueuesTab:757 - Dynamic
2023-10-07 13:43:52,673 [WARN] TasksAndQueuesTab:763 - 128 128
2023-10-07 13:43:52,673 [WARN] TasksAndQueuesTab:775 - max value is: 3840.0
2023-10-07 13:43:52,673 [INFO] TasksAndQueuesTab:757 - Dynamic
2023-10-07 13:43:52,673 [WARN] TasksAndQueuesTab:763 - 128 128
2023-10-07 13:43:52,673 [WARN] TasksAndQueuesTab:775 - max value is: 3840.0
2023-10-07 13:43:52,673 [INFO] TasksAndQueuesTab:757 - Dynamic
2023-10-07 13:43:52,674 [WARN] TasksAndQueuesTab:763 - 128 128
2023-10-07 13:43:52,674 [WARN] TasksAndQueuesTab:775 - max value is: 3840.0
2023-10-07 13:43:52,674 [INFO] TasksAndQueuesTab:757 - Dynamic
2023-10-07 13:43:52,674 [WARN] TasksAndQueuesTab:763 - 128 128
2023-10-07 13:43:52,674 [WARN] TasksAndQueuesTab:775 - max value is: 3840.0
2023-10-07 13:43:52,674 [INFO] TasksAndQueuesTab:757 - Dynamic
2023-10-07 13:43:52,674 [WARN] TasksAndQueuesTab:763 - 128 128
2023-10-07 13:43:52,674 [WARN] TasksAndQueuesTab:775 - max value is: 3840.0
2023-10-07 13:43:52,674 [INFO] TasksAndQueuesTab:757 - Dynamic
2023-10-07 13:43:52,674 [WARN] TasksAndQueuesTab:763 - 128 128
2023-10-07 13:43:52,675 [WARN] TasksAndQueuesTab:775 - max value is: 3840.0
2023-10-07 13:43:52,675 [INFO] TasksAndQueuesTab:757 - Dynamic
2023-10-07 13:43:52,675 [WARN] TasksAndQueuesTab:763 - 128 128
2023-10-07 13:43:52,675 [WARN] TasksAndQueuesTab:775 - max value is: 3840.0
2023-10-07 13:44:23,023 [INFO] TasksAndQueuesTab:757 - Dynamic
2023-10-07 13:44:23,023 [WARN] TasksAndQueuesTab:763 - 128 128
2023-10-07 13:44:23,023 [WARN] TasksAndQueuesTab:775 - max value is: 3840.0
2023-10-07 13:44:23,023 [INFO] TasksAndQueuesTab:757 - Dynamic
2023-10-07 13:44:23,024 [WARN] TasksAndQueuesTab:763 - 128 128
2023-10-07 13:44:23,024 [WARN] TasksAndQueuesTab:775 - max value is: 3840.0
2023-10-07 13:44:23,024 [INFO] TasksAndQueuesTab:757 - Dynamic
2023-10-07 13:44:23,024 [WARN] TasksAndQueuesTab:763 - 128 128
2023-10-07 13:44:23,024 [WARN] TasksAndQueuesTab:775 - max value is: 3840.0
2023-10-07 13:44:23,024 [INFO] TasksAndQueuesTab:757 - Dynamic
2023-10-07 13:44:23,024 [WARN] TasksAndQueuesTab:763 - 128 128
2023-10-07 13:44:23,024 [WARN] TasksAndQueuesTab:775 - max value is: 3840.0
2023-10-07 13:44:23,026 [INFO] TasksAndQueuesTab:757 - Dynamic
2023-10-07 13:44:23,026 [WARN] TasksAndQueuesTab:763 - 128 128
2023-10-07 13:44:23,026 [WARN] TasksAndQueuesTab:775 - max value is: 3840.0
2023-10-07 13:44:23,026 [INFO] TasksAndQueuesTab:757 - Dynamic
2023-10-07 13:44:23,026 [WARN] TasksAndQueuesTab:763 - 128 128
2023-10-07 13:44:23,027 [WARN] TasksAndQueuesTab:775 - max value is: 3840.0
2023-10-07 13:44:23,027 [INFO] TasksAndQueuesTab:757 - Dynamic
2023-10-07 13:44:23,027 [WARN] TasksAndQueuesTab:763 - 128 128
2023-10-07 13:44:23,027 [WARN] TasksAndQueuesTab:775 - max value is: 3840.0
2023-10-07 13:44:23,027 [INFO] TasksAndQueuesTab:757 - Dynamic
2023-10-07 13:44:23,027 [WARN] TasksAndQueuesTab:763 - 128 128
2023-10-07 13:44:23,029 [WARN] TasksAndQueuesTab:775 - max value is: 3840.0
2023-10-07 13:44:31,794 [INFO] EditThreadDialog:704 - RAM SIZE (in KB): 128
2023-10-07 13:44:31,794 [INFO] EditThreadDialog:706 - RAM SIZE (in words): 32768
2023-10-07 13:44:46,330 [INFO] EditThreadDialog:704 - RAM SIZE (in KB): 128
2023-10-07 13:44:46,331 [INFO] EditThreadDialog:706 - RAM SIZE (in words): 32768
